#
# A fatal error has been detected by the Java Runtime Environment:
#
#  EXCEPTION_UNCAUGHT_CXX_EXCEPTION (0xe06d7363) at pc=0x00007fffb736b699, pid=11564, tid=11188
#
# JRE version: OpenJDK Runtime Environment 18.9 (11.0.11+9) (build 11.0.11+9)
# Java VM: OpenJDK 64-Bit Server VM 18.9 (11.0.11+9, mixed mode, tiered, compressed oops, g1 gc, windows-amd64)
# Problematic frame:
# C  [KERNELBASE.dll+0x3b699]
#
# No core dump will be written. Minidumps are not enabled by default on client versions of Windows
#
# If you would like to submit a bug report, please visit:
#   https://bugreport.java.com/bugreport/crash.jsp
# The crash happened outside the Java Virtual Machine in native code.
# See problematic frame for where to report the bug.
#

---------------  S U M M A R Y ------------

Command Line: -Dsun.java2d.pmoffscreen=false -Dhttps.protocols=TLSv1,TLSv1.1,TLSv1.2 -Dsun.java2d.xrender=false -Dsun.java2d.d3d=false -Dsun.awt.nopixfmt=true -Dsun.java2d.dpiaware=true -Dsun.java2d.uiScale.enabled=false -Xverify:none -Dswing.aatext=true -XX:-UsePerfData -Djdk.map.althashing.threshold=512 -XX:StringTableSize=4072 --add-opens=java.desktop/com.sun.awt=ALL-UNNAMED --add-opens=java.desktop/javax.swing.plaf.synth=ALL-UNNAMED --add-opens=java.base/java.nio=ALL-UNNAMED --add-opens=java.desktop/sun.swing=ALL-UNNAMED --add-opens=java.desktop/javax.swing=ALL-UNNAMED --add-opens=java.desktop/javax.swing.tree=ALL-UNNAMED --add-opens=java.desktop/javax.swing.plaf.basic=ALL-UNNAMED --add-opens=java.desktop/javax.swing.plaf.synth=ALL-UNNAMED --add-opens=java.desktop/javax.swing.plaf.basic=ALL-UNNAMED --add-opens=java.desktop/javax.swing=ALL-UNNAMED --add-opens=java.desktop/javax.swing.tree=ALL-UNNAMED --add-opens=java.desktop/java.awt.event=ALL-UNNAMED --add-exports=java.desktop/javax.swing.plaf.synth=ALL-UNNAMED --add-exports=java.base/java.nio=ALL-UNNAMED --add-exports=java.desktop/sun.swing=ALL-UNNAMED --add-exports=java.desktop/javax.swing=ALL-UNNAMED --add-exports=java.desktop/javax.swing.tree=ALL-UNNAMED --add-exports=java.desktop/javax.swing.plaf.basic=ALL-UNNAMED --add-exports=java.desktop/sun.swing=ALL-UNNAMED --add-exports=java.desktop/sun.swing.table=ALL-UNNAMED --add-exports=java.desktop/sun.swing.plaf.synth=ALL-UNNAMED --add-exports=java.desktop/sun.awt.shell=ALL-UNNAMED --add-exports=java.base/sun.security.action=ALL-UNNAMED --add-exports=java.desktop/sun.font=ALL-UNNAMED -XX:NewSize=60m -XX:MaxNewSize=60m -Xms256m -Xmx3072m -Xss5m 

Host: Intel(R) Xeon(R) W-2145 CPU @ 3.70GHz, 16 cores, 31G,  Windows 10 , 64 bit Build 19041 (10.0.19041.4957)
Time: Mon Oct 21 19:42:08 2024 Egypt Daylight Time elapsed time: 4802.627016 seconds (0d 1h 20m 2s)

---------------  T H R E A D  ---------------

Current thread (0x0000022037cae000):  JavaThread "AWT-EventQueue-0" [_thread_in_native, id=11188, stack(0x000000a460600000,0x000000a460b00000)]

Stack: [0x000000a460600000,0x000000a460b00000],  sp=0x000000a460afc100,  free space=5104k
Native frames: (J=compiled Java code, j=interpreted, Vv=VM code, C=native code)
C  [KERNELBASE.dll+0x3b699]
C  [VCRUNTIME140.dll+0x6480]
C  [librdi_common.dll+0x75d496]
C  [MSVCP140.dll+0x12721]
C  [ucrtbase.dll+0x6c87c]
C  [librdi_common.dll+0x9eda33]
C  [librdi_common.dll+0x141889]
C  0x00007fff1f8f87c9
C  0x000002206989cb2d

Java frames: (J=compiled Java code, j=interpreted, Vv=VM code)
J 28401  ui.data.labtools.lthwdatai.HWDevice_getName(J)Ljava/lang/String; (0 bytes) @ 0x000002206989ca91 [0x000002206989ca40+0x0000000000000051]
J 29936 c1 ui.data.labtools.e.getName()Ljava/lang/String; (5 bytes) @ 0x00000220613cca14 [0x00000220613cc960+0x00000000000000b4]
J 30891 c1 ui.views.cd.iQT()Ljava/lang/String; (37 bytes) @ 0x0000022064ba5944 [0x0000022064ba52a0+0x00000000000006a4]
J 30836 c1 ui.views.cZ.cB(Lui/data/bq;)V (36 bytes) @ 0x0000022064b5ce3c [0x0000022064b5cb40+0x00000000000002fc]
J 31474 c1 ui.views.cZ.iSO()V (56 bytes) @ 0x0000022063833d64 [0x0000022063833780+0x00000000000005e4]
j  ui.views.cZ.ee(Ljava/util/Collection;)V+260
j  ui.views.cZ.ej(Ljava/lang/Object;)V+12
j  ui.views.cd.ej(Ljava/lang/Object;)V+2
J 30577 c1 ui.data.u.a(Lui/data/ae;Lui/frmwork/a/l;)V (2435 bytes) @ 0x0000022064ae0fc4 [0x0000022064ad3260+0x000000000000dd64]
J 30576 c1 ui.data.ad.handleTclEvent(Lui/frmwork/a/l;)V (9 bytes) @ 0x0000022062d15c5c [0x0000022062d15bc0+0x000000000000009c]
J 24896 c1 ui.frmwork.a.o.c(Lui/frmwork/a/l;)V (61 bytes) @ 0x0000022063df100c [0x0000022063df0660+0x00000000000009ac]
J 20119 c1 ui.frmwork.E.i(JZ)V (471 bytes) @ 0x000002206268b7dc [0x00000220626873c0+0x000000000000441c]
J 27911 c1 ui.frmwork.E$$Lambda$202.run()V (12 bytes) @ 0x000002206469f45c [0x000002206469f380+0x00000000000000dc]
J 15943 c2 java.awt.EventQueue$4.run()Ljava/lang/Object; java.desktop@11.0.11 (5 bytes) @ 0x0000022069182d5c [0x0000022069182b00+0x000000000000025c]
v  ~StubRoutines::call_stub
J 4576  java.security.AccessController.doPrivileged(Ljava/security/PrivilegedAction;Ljava/security/AccessControlContext;)Ljava/lang/Object; java.base@11.0.11 (0 bytes) @ 0x0000022068776f36 [0x0000022068776ec0+0x0000000000000076]
J 15941 c2 java.awt.EventQueue.dispatchEvent(Ljava/awt/AWTEvent;)V java.desktop@11.0.11 (80 bytes) @ 0x000002206918197c [0x0000022069181640+0x000000000000033c]
J 15946 c2 ui.frmwork.a.d.dispatchEvent(Ljava/awt/AWTEvent;)V (42 bytes) @ 0x00000220691885c4 [0x0000022069188400+0x00000000000001c4]
J 18204 c2 java.awt.EventDispatchThread.pumpOneEventForFilters(I)V java.desktop@11.0.11 (113 bytes) @ 0x00000220693a909c [0x00000220693a8c00+0x000000000000049c]
J 26558% c2 java.awt.EventDispatchThread.pumpEventsForFilter(ILjava/awt/Conditional;Ljava/awt/EventFilter;)V java.desktop@11.0.11 (47 bytes) @ 0x00000220698c6d7c [0x00000220698c6c60+0x000000000000011c]
j  java.awt.EventDispatchThread.pumpEventsForHierarchy(ILjava/awt/Conditional;Ljava/awt/Component;)V+11 java.desktop@11.0.11
j  java.awt.EventDispatchThread.pumpEvents(ILjava/awt/Conditional;)V+4 java.desktop@11.0.11
j  java.awt.EventDispatchThread.pumpEvents(Ljava/awt/Conditional;)V+3 java.desktop@11.0.11
j  java.awt.EventDispatchThread.run()V+9 java.desktop@11.0.11
v  ~StubRoutines::call_stub

siginfo: EXCEPTION_UNCAUGHT_CXX_EXCEPTION (0xe06d7363), ExceptionInformation=0x0000000019930520 0x000000a460afc260 0x00007fff658b61f0 0x00007fff649b0000 


Register to memory mapping:

RIP=0x00007fffb736b699 KERNELBASE.dll
RAX=0x0000000744410178 is an oop: java.awt.Toolkit$ToolkitEventMulticaster 
{0x0000000744410178} - klass: 'java/awt/Toolkit$ToolkitEventMulticaster'
RBX=0x00007fff658b61f0 librdi_common.dll
RCX=0x000000074453c580 is an oop: com.jidesoft.swing.OverlayTextField 
{0x000000074453c580} - klass: 'com/jidesoft/swing/OverlayTextField'
RDX=0x0000000741e503c0 is an oop: ui.bb 
{0x0000000741e503c0} - klass: 'ui/bb'
RSP=0x000000a460afc100 is pointing into the stack for thread: 0x0000022037cae000
RBP=0x14130c1023d023cf is an unknown value
RSI=0x000000a460afc260 is pointing into the stack for thread: 0x0000022037cae000
RDI=0x0000000019930520 is an unknown value
R8 =0x0000000744410178 is an oop: java.awt.Toolkit$ToolkitEventMulticaster 
{0x0000000744410178} - klass: 'java/awt/Toolkit$ToolkitEventMulticaster'
R9 =0x0000000743198b40 is an oop: javax.swing.CellRendererPane 
{0x0000000743198b40} - klass: 'javax/swing/CellRendererPane'
R10=0x0000022068b85968 is at entry_point+72 in (nmethod*)0x0000022068b85790
R11=0x0000000744524d80 is an oop: javax.swing.CellRendererPane 
{0x0000000744524d80} - klass: 'javax/swing/CellRendererPane'
R12=0x0 is NULL
R13=3893709351 is a compressed pointer to object: sun.awt.MostRecentKeyValue 
{0x0000000740aa5138} - klass: 'sun/awt/MostRecentKeyValue'
R14=0x000000a460afc630 is pointing into the stack for thread: 0x0000022037cae000
R15=0x00000220356f22c0 points into unknown readable memory: 0x00007fff98e079d0 | d0 79 e0 98 ff 7f 00 00


Registers:
RAX=0x0000000744410178, RBX=0x00007fff658b61f0, RCX=0x000000074453c580, RDX=0x0000000741e503c0
RSP=0x000000a460afc100, RBP=0x14130c1023d023cf, RSI=0x000000a460afc260, RDI=0x0000000019930520
R8 =0x0000000744410178, R9 =0x0000000743198b40, R10=0x0000022068b85968, R11=0x0000000744524d80
R12=0x0000000000000000, R13=0x00000000e8154a27, R14=0x000000a460afc630, R15=0x00000220356f22c0
RIP=0x00007fffb736b699, EFLAGS=0x0000000000000206

Top of Stack: (sp=0x000000a460afc100)
0x000000a460afc100:   0000000000000000 00007fff658b61f0
0x000000a460afc110:   000000a460afc260 000002200e620000
0x000000a460afc120:   00000001e06d7363 0000000000000000
0x000000a460afc130:   00007fffb736b699 0000022000000004
0x000000a460afc140:   0000000019930520 000000a460afc260
0x000000a460afc150:   00007fff658b61f0 00007fff649b0000
0x000000a460afc160:   00000000e8154a27 0000000000000000
0x000000a460afc170:   000000a460afc260 14130c1023d023cf
0x000000a460afc180:   000000a460afc200 00007fffb9ba4a5f
0x000000a460afc190:   0000000019930520 0000022000000000
0x000000a460afc1a0:   00000220356f22c0 000000a460afc630
0x000000a460afc1b0:   00007fff65c83000 00007fff649b0000
0x000000a460afc1c0:   000076034415f6cc 00007fffb9b947b1
0x000000a460afc1d0:   00007fff658b61f0 00007fffad496480
0x000000a460afc1e0:   14130c1023d023cf 0000000000000000
0x000000a460afc1f0:   0000000000000000 00000220689ef3cc 

Instructions: (pc=0x00007fffb736b699)
0x00007fffb736b599:   d8 21 00 00 41 0f 44 c0 89 43 24 8b 41 18 89 43
0x00007fffb736b5a9:   28 65 48 8b 04 25 60 00 00 00 48 8b 48 20 39 79
0x00007fffb736b5b9:   08 7c 36 41 b9 40 00 00 00 48 89 7c 24 20 4c 8d
0x00007fffb736b5c9:   44 24 30 48 83 c9 ff 41 8d 51 e5 48 ff 15 4d fb
0x00007fffb736b5d9:   1a 00 0f 1f 44 00 00 85 c0 0f 88 53 65 09 00 81
0x00007fffb736b5e9:   7c 24 54 33 00 03 00 72 0f 48 8b 9c 24 80 00 00
0x00007fffb736b5f9:   00 48 83 c4 70 5f c3 cc 89 7b 2c eb ec cc cc cc
0x00007fffb736b609:   cc cc cc cc cc cc cc 65 48 8b 04 25 30 00 00 00
0x00007fffb736b619:   8b 40 68 c3 cc cc cc cc cc cc cc cc cc cc cc cc
0x00007fffb736b629:   cc cc cc cc cc cc cc 48 81 ec d8 00 00 00 48 8b
0x00007fffb736b639:   05 62 28 28 00 48 33 c4 48 89 84 24 c0 00 00 00
0x00007fffb736b649:   48 83 64 24 28 00 48 8d 05 da ff ff ff 83 e2 01
0x00007fffb736b659:   89 4c 24 20 89 54 24 24 48 89 44 24 30 4d 85 c9
0x00007fffb736b669:   74 4c b8 0f 00 00 00 48 8d 4c 24 40 44 3b c0 49
0x00007fffb736b679:   8b d1 44 0f 47 c0 44 89 44 24 38 49 c1 e0 03 e8
0x00007fffb736b689:   ea 27 08 00 48 8d 4c 24 20 48 ff 15 6f fb 1a 00
0x00007fffb736b699:   0f 1f 44 00 00 48 8b 8c 24 c0 00 00 00 48 33 cc
0x00007fffb736b6a9:   e8 f2 b0 05 00 48 81 c4 d8 00 00 00 c3 cc 83 64
0x00007fffb736b6b9:   24 38 00 eb cf cc cc cc cc cc cc cc cc cc cc cc
0x00007fffb736b6c9:   cc cc cc cc cc cc cc 40 53 48 83 ec 30 48 8b d1
0x00007fffb736b6d9:   48 8d 4c 24 20 e8 d5 cf ff ff 85 c0 74 26 48 8b
0x00007fffb736b6e9:   4c 24 28 e8 3f 80 ff ff 48 8d 4c 24 20 8b d8 48
0x00007fffb736b6f9:   ff 15 31 f3 1a 00 0f 1f 44 00 00 8b c3 48 83 c4
0x00007fffb736b709:   30 5b c3 cc 83 c8 ff eb f4 cc cc cc cc cc cc cc
0x00007fffb736b719:   cc cc cc cc cc cc cc 48 8b c4 48 89 58 10 48 89
0x00007fffb736b729:   70 18 57 48 83 ec 60 0f 57 c0 0f 11 40 b8 48 8d
0x00007fffb736b739:   35 72 55 1b 00 33 db 48 85 c9 48 0f 45 f1 48 8b
0x00007fffb736b749:   d6 48 8d 48 c8 48 ff 15 93 f9 1a 00 0f 1f 44 00
0x00007fffb736b759:   00 8b f8 89 44 24 70 85 c0 78 1f 41 b0 01 48 8d
0x00007fffb736b769:   54 24 30 48 8d 4c 24 20 48 ff 15 e0 f2 1a 00 0f
0x00007fffb736b779:   1f 44 00 00 8b f8 89 44 24 70 85 ff 0f 88 bd 63
0x00007fffb736b789:   09 00 48 83 c8 ff 48 8b c8 48 ff c1 66 39 1c 4e 


Stack slot to memory mapping:
stack at sp + 0 slots: 0x0 is NULL
stack at sp + 1 slots: 0x00007fff658b61f0 librdi_common.dll
stack at sp + 2 slots: 0x000000a460afc260 is pointing into the stack for thread: 0x0000022037cae000
stack at sp + 3 slots: 0x000002200e620000 points into unknown readable memory: 0x0000000000000000 | 00 00 00 00 00 00 00 00
stack at sp + 4 slots: 0x00000001e06d7363 is an unknown value
stack at sp + 5 slots: 0x0 is NULL
stack at sp + 6 slots: 0x00007fffb736b699 KERNELBASE.dll
stack at sp + 7 slots: 0x0000022000000004 points into unknown readable memory: 00 00 00 00


---------------  P R O C E S S  ---------------

Threads class SMR info:
_java_thread_list=0x00000220f29b1760, length=49, elements={
0x0000022036434800, 0x0000022037d1e800, 0x0000022037d20000, 0x0000022037d8c000,
0x0000022037d8d000, 0x0000022037d3b000, 0x0000022037d41000, 0x0000022037d45000,
0x0000022037d47000, 0x000002207aca6800, 0x000002207aede000, 0x000002207b4e9800,
0x000002207b6e6800, 0x0000022019461800, 0x0000022037cae000, 0x0000022037caf000,
0x0000022037cb1000, 0x0000022037cb3000, 0x0000022037cb0800, 0x0000022037cad000,
0x0000022037cb3800, 0x000002201fbef000, 0x000002201fbf3000, 0x000002201fbef800,
0x000002201fbed000, 0x000002201fbf0800, 0x000002201fbf1000, 0x000002201fbf8800,
0x000002201fbfc000, 0x000002201fbf6000, 0x0000022037cb2000, 0x0000022021260000,
0x0000022021261800, 0x0000022021262000, 0x000002201fbf3800, 0x000002201fbee000,
0x000002201fbf7000, 0x000002201fbf8000, 0x0000022021264000, 0x00000220d2681800,
0x00000220d269b800, 0x00000220d269d000, 0x00000220d26a4800, 0x00000220d268d000,
0x00000220d2688000, 0x00000220d2690000, 0x00000220d2698000, 0x00000220d2696800,
0x00000220d2697800
}

Java Threads: ( => current thread )
  0x0000022036434800 JavaThread "main" [_thread_blocked, id=9276, stack(0x000000a45b000000,0x000000a45b100000)]
  0x0000022037d1e800 JavaThread "Reference Handler" daemon [_thread_blocked, id=696, stack(0x000000a45b700000,0x000000a45bc00000)]
  0x0000022037d20000 JavaThread "Finalizer" daemon [_thread_blocked, id=23752, stack(0x000000a45bc00000,0x000000a45c100000)]
  0x0000022037d8c000 JavaThread "Signal Dispatcher" daemon [_thread_blocked, id=7472, stack(0x000000a45c100000,0x000000a45c600000)]
  0x0000022037d8d000 JavaThread "Attach Listener" daemon [_thread_blocked, id=7344, stack(0x000000a45c600000,0x000000a45cb00000)]
  0x0000022037d3b000 JavaThread "Service Thread" daemon [_thread_blocked, id=20444, stack(0x000000a45cb00000,0x000000a45d000000)]
  0x0000022037d41000 JavaThread "C2 CompilerThread0" daemon [_thread_blocked, id=10024, stack(0x000000a45d000000,0x000000a45d100000)]
  0x0000022037d45000 JavaThread "C1 CompilerThread0" daemon [_thread_blocked, id=9312, stack(0x000000a45d100000,0x000000a45d200000)]
  0x0000022037d47000 JavaThread "Sweeper thread" daemon [_thread_blocked, id=7156, stack(0x000000a45d200000,0x000000a45d700000)]
  0x000002207aca6800 JavaThread "Common-Cleaner" daemon [_thread_blocked, id=23232, stack(0x000000a45da00000,0x000000a45df00000)]
  0x000002207aede000 JavaThread "Java2D Disposer" daemon [_thread_blocked, id=17084, stack(0x000000a45e200000,0x000000a45e700000)]
  0x000002207b4e9800 JavaThread "AWT-Shutdown" [_thread_blocked, id=13608, stack(0x000000a45e700000,0x000000a45ec00000)]
  0x000002207b6e6800 JavaThread "AWT-Windows" daemon [_thread_in_native, id=22400, stack(0x000000a45ec00000,0x000000a45f100000)]
  0x0000022019461800 JavaThread "TimerQueue" daemon [_thread_blocked, id=22764, stack(0x000000a45f900000,0x000000a45fe00000)]
=>0x0000022037cae000 JavaThread "AWT-EventQueue-0" [_thread_in_native, id=11188, stack(0x000000a460600000,0x000000a460b00000)]
  0x0000022037caf000 JavaThread "Thread-1" [_thread_in_native, id=16352, stack(0x000000a459900000,0x000000a45ad00000)]
  0x0000022037cb1000 JavaThread "Process Messages Thread" [_thread_blocked, id=11688, stack(0x000000a461000000,0x000000a461500000)]
  0x0000022037cb3000 JavaThread "Batik CleanerThread" daemon [_thread_blocked, id=4812, stack(0x000000a460b00000,0x000000a461000000)]
  0x0000022037cb0800 JavaThread "SyntheticaCleanerThread" daemon [_thread_blocked, id=21768, stack(0x000000a461f00000,0x000000a462400000)]
  0x0000022037cad000 JavaThread "Monitor HEventQueue Thread" [_thread_blocked, id=23484, stack(0x000000a462c00000,0x000000a463100000)]
  0x0000022037cb3800 JavaThread "SyntheticaAnimation 50" daemon [_thread_blocked, id=17344, stack(0x000000a463200000,0x000000a463700000)]
  0x000002201fbef000 JavaThread "SyntheticaAnimation 25" daemon [_thread_blocked, id=23448, stack(0x000000a463900000,0x000000a463e00000)]
  0x000002201fbf3000 JavaThread "SyntheticaAnimation 70" daemon [_thread_blocked, id=8776, stack(0x000000a464300000,0x000000a464800000)]
  0x000002201fbef800 JavaThread "Refresh Filesets Swing Worker Thread" [_thread_blocked, id=2040, stack(0x000000a462400000,0x000000a462900000)]
  0x000002201fbed000 JavaThread "Thread-16" [_thread_blocked, id=22384, stack(0x000000a464800000,0x000000a464d00000)]
  0x000002201fbf0800 JavaThread "OutputGobbler" daemon [_thread_in_native, id=11052, stack(0x000000a464d00000,0x000000a465200000)]
  0x000002201fbf1000 JavaThread "ErrorGobbler" daemon [_thread_in_native, id=15492, stack(0x000000a465200000,0x000000a465700000)]
  0x000002201fbf8800 JavaThread "hw_ila_monitor" [_thread_blocked, id=17328, stack(0x000000a466100000,0x000000a466600000)]
  0x000002201fbfc000 JavaThread "pool-3-thread-1" [_thread_blocked, id=19404, stack(0x000000a466b00000,0x000000a467000000)]
  0x000002201fbf6000 JavaThread "pool-4-thread-1" [_thread_blocked, id=10912, stack(0x000000a467000000,0x000000a467500000)]
  0x0000022037cb2000 JavaThread "pool-5-thread-1" [_thread_blocked, id=16688, stack(0x000000a467500000,0x000000a467a00000)]
  0x0000022021260000 JavaThread "Update Runs Swing Worker Thread" [_thread_blocked, id=1492, stack(0x000000a467f00000,0x000000a468400000)]
  0x0000022021261800 JavaThread "Watchdog Thread for com.sigasi.lsp.server.BootstrappedLspServer" daemon [_thread_blocked, id=10248, stack(0x000000a463e00000,0x000000a464300000)]
  0x0000022021262000 JavaThread "Life support thread" daemon [_thread_blocked, id=11904, stack(0x000000a467a00000,0x000000a467f00000)]
  0x000002201fbf3800 JavaThread "Protocol translation thread 0" [_thread_in_native, id=12904, stack(0x000000a468400000,0x000000a468900000)]
  0x000002201fbee000 JavaThread "pool-7-thread-1" [_thread_blocked, id=23620, stack(0x000000a468900000,0x000000a468e00000)]
  0x000002201fbf7000 JavaThread "EMF Reference Cleaner" daemon [_thread_blocked, id=24220, stack(0x000000a468e00000,0x000000a469300000)]
  0x000002201fbf8000 JavaThread "SyntheticaAnimation 50" daemon [_thread_blocked, id=14940, stack(0x000000a45fe00000,0x000000a460300000)]
  0x0000022021264000 JavaThread "pool-8-thread-1" [_thread_blocked, id=22236, stack(0x000000a466600000,0x000000a466b00000)]
  0x00000220d2681800 JavaThread "Swing-Shell" daemon [_thread_blocked, id=9248, stack(0x000000a461600000,0x000000a461b00000)]
  0x00000220d269b800 JavaThread "ForkJoinPool.commonPool-worker-9" daemon [_thread_blocked, id=7400, stack(0x000000a469d00000,0x000000a46a200000)]
  0x00000220d269d000 JavaThread "ForkJoinPool.commonPool-worker-27" daemon [_thread_blocked, id=13020, stack(0x000000a46a700000,0x000000a46ac00000)]
  0x00000220d26a4800 JavaThread "SyntheticaAnimation 50" daemon [_thread_blocked, id=2416, stack(0x000000a46d400000,0x000000a46d900000)]
  0x00000220d268d000 JavaThread "Thread-3714" [_thread_in_native, id=11748, stack(0x000000a45e000000,0x000000a45e100000)]
  0x00000220d2688000 JavaThread "Timer-8" [_thread_blocked, id=12832, stack(0x000000a469300000,0x000000a469800000)]
  0x00000220d2690000 JavaThread "Monitor File Timestamp Swing Worker Thread" [_thread_blocked, id=7288, stack(0x000000a469800000,0x000000a469d00000)]
  0x00000220d2698000 JavaThread "Image Animator 3" daemon [_thread_blocked, id=6680, stack(0x000000a46a200000,0x000000a46a700000)]
  0x00000220d2696800 JavaThread "Image Fetcher 3" daemon [_thread_blocked, id=13668, stack(0x000000a46b100000,0x000000a46b600000)]
  0x00000220d2697800 JavaThread "Remove Sources Thread" [_thread_blocked, id=1972, stack(0x000000a46ac00000,0x000000a46b100000)]

Other Threads:
  0x0000022037d1a800 VMThread "VM Thread" [stack: 0x000000a45b600000,0x000000a45b700000] [id=11824]
  0x000002207adad800 WatcherThread [stack: 0x000000a45df00000,0x000000a45e000000] [id=23240]
  0x0000022037579000 GCTaskThread "GC Thread#0" [stack: 0x000000a45b100000,0x000000a45b200000] [id=3944]
  0x000002207ba97000 GCTaskThread "GC Thread#1" [stack: 0x000000a45f200000,0x000000a45f300000] [id=4472]
  0x000002207c60f800 GCTaskThread "GC Thread#2" [stack: 0x000000a45f300000,0x000000a45f400000] [id=10608]
  0x000002207c66a000 GCTaskThread "GC Thread#3" [stack: 0x000000a45f400000,0x000000a45f500000] [id=23980]
  0x000002207c669000 GCTaskThread "GC Thread#4" [stack: 0x000000a45f500000,0x000000a45f600000] [id=23460]
  0x000002207c668800 GCTaskThread "GC Thread#5" [stack: 0x000000a45f600000,0x000000a45f700000] [id=2380]
  0x000002207c667800 GCTaskThread "GC Thread#6" [stack: 0x000000a461b00000,0x000000a461c00000] [id=3120]
  0x000002207c66a800 GCTaskThread "GC Thread#7" [stack: 0x000000a461c00000,0x000000a461d00000] [id=8460]
  0x000002207c665800 GCTaskThread "GC Thread#8" [stack: 0x000000a461d00000,0x000000a461e00000] [id=20004]
  0x000002207c667000 GCTaskThread "GC Thread#9" [stack: 0x000000a461e00000,0x000000a461f00000] [id=2176]
  0x000002207c664000 GCTaskThread "GC Thread#10" [stack: 0x000000a460300000,0x000000a460400000] [id=1440]
  0x000002207c66b000 GCTaskThread "GC Thread#11" [stack: 0x000000a461500000,0x000000a461600000] [id=22096]
  0x000002201aef2800 GCTaskThread "GC Thread#12" [stack: 0x000000a463100000,0x000000a463200000] [id=15780]
  0x0000022037af9000 ConcurrentGCThread "G1 Main Marker" [stack: 0x000000a45b200000,0x000000a45b300000] [id=7816]
  0x0000022037af9800 ConcurrentGCThread "G1 Conc#0" [stack: 0x000000a45b300000,0x000000a45b400000] [id=10704]
  0x000002207c666000 ConcurrentGCThread "G1 Conc#1" [stack: 0x000000a460400000,0x000000a460500000] [id=8692]
  0x000002207c664800 ConcurrentGCThread "G1 Conc#2" [stack: 0x000000a460500000,0x000000a460600000] [id=22412]
  0x0000022037be5800 ConcurrentGCThread "G1 Refine#0" [stack: 0x000000a45b400000,0x000000a45b500000] [id=19400]
  0x000002207bef7800 ConcurrentGCThread "G1 Refine#1" [stack: 0x000000a45f700000,0x000000a45f800000] [id=14072]
  0x000002207c652800 ConcurrentGCThread "G1 Refine#2" [stack: 0x000000a45f800000,0x000000a45f900000] [id=12220]
  0x0000022037be8000 ConcurrentGCThread "G1 Young RemSet Sampling" [stack: 0x000000a45b500000,0x000000a45b600000] [id=15796]

Threads with active compile tasks:

VM state:not at safepoint (normal execution)

VM Mutex/Monitor currently owned by a thread: None

Heap address: 0x0000000740000000, size: 3072 MB, Compressed Oops mode: Zero based, Oop shift amount: 3
Narrow klass base: 0x0000000800000000, Narrow klass shift: 0
Compressed class space size: 1073741824 Address: 0x0000000800000000

Heap:
 garbage-first heap   total 262144K, used 159002K [0x0000000740000000, 0x0000000800000000)
  region size 1024K, 57 young (58368K), 2 survivors (2048K)
 Metaspace       used 127597K, capacity 129353K, committed 133808K, reserved 1165312K
  class space    used 16671K, capacity 17395K, committed 18944K, reserved 1048576K
Heap Regions: E=young(eden), S=young(survivor), O=old, HS=humongous(starts), HC=humongous(continues), CS=collection set, F=free, A=archive, TAMS=top-at-mark-start (previous, next)
|   0|0x0000000740000000, 0x0000000740100000, 0x0000000740100000|100%|HS|  |TAMS 0x0000000740000000, 0x0000000740000000| Untracked 
|   1|0x0000000740100000, 0x0000000740200000, 0x0000000740200000|100%|HC|  |TAMS 0x0000000740100000, 0x0000000740100000| Untracked 
|   2|0x0000000740200000, 0x0000000740300000, 0x0000000740300000|100%|HS|  |TAMS 0x0000000740200000, 0x0000000740200000| Untracked 
|   3|0x0000000740300000, 0x00000007403e3330, 0x0000000740400000| 88%| O|  |TAMS 0x0000000740300000, 0x0000000740300000| Untracked 
|   4|0x0000000740400000, 0x00000007404fe458, 0x0000000740500000| 99%| O|  |TAMS 0x0000000740400000, 0x0000000740400000| Untracked 
|   5|0x0000000740500000, 0x00000007405ff5e8, 0x0000000740600000| 99%| O|  |TAMS 0x0000000740500000, 0x0000000740500000| Untracked 
|   6|0x0000000740600000, 0x00000007406fb850, 0x0000000740700000| 98%| O|  |TAMS 0x0000000740600000, 0x0000000740600000| Untracked 
|   7|0x0000000740700000, 0x00000007407fffe8, 0x0000000740800000| 99%| O|  |TAMS 0x0000000740700000, 0x0000000740700000| Untracked 
|   8|0x0000000740800000, 0x00000007408ffff0, 0x0000000740900000| 99%| O|  |TAMS 0x0000000740800000, 0x0000000740800000| Untracked 
|   9|0x0000000740900000, 0x00000007409fffb0, 0x0000000740a00000| 99%| O|  |TAMS 0x0000000740900000, 0x0000000740900000| Untracked 
|  10|0x0000000740a00000, 0x0000000740afffd0, 0x0000000740b00000| 99%| O|  |TAMS 0x0000000740a00000, 0x0000000740a00000| Untracked 
|  11|0x0000000740b00000, 0x0000000740bffbd8, 0x0000000740c00000| 99%| O|  |TAMS 0x0000000740b00000, 0x0000000740b00000| Untracked 
|  12|0x0000000740c00000, 0x0000000740cffff0, 0x0000000740d00000| 99%| O|  |TAMS 0x0000000740c00000, 0x0000000740c00000| Untracked 
|  13|0x0000000740d00000, 0x0000000740dfffb8, 0x0000000740e00000| 99%| O|  |TAMS 0x0000000740d00000, 0x0000000740d00000| Untracked 
|  14|0x0000000740e00000, 0x0000000740ee8d48, 0x0000000740f00000| 90%| O|  |TAMS 0x0000000740e00000, 0x0000000740e00000| Untracked 
|  15|0x0000000740f00000, 0x0000000740ffffd0, 0x0000000741000000| 99%| O|  |TAMS 0x0000000740f00000, 0x0000000740f00000| Untracked 
|  16|0x0000000741000000, 0x00000007410ffff8, 0x0000000741100000| 99%| O|  |TAMS 0x0000000741000000, 0x0000000741000000| Untracked 
|  17|0x0000000741100000, 0x00000007411fffc0, 0x0000000741200000| 99%| O|  |TAMS 0x0000000741100000, 0x0000000741100000| Untracked 
|  18|0x0000000741200000, 0x00000007412ff6f0, 0x0000000741300000| 99%| O|  |TAMS 0x0000000741200000, 0x0000000741200000| Untracked 
|  19|0x0000000741300000, 0x00000007413f6ca0, 0x0000000741400000| 96%| O|  |TAMS 0x0000000741300000, 0x0000000741300000| Untracked 
|  20|0x0000000741400000, 0x00000007414f7c10, 0x0000000741500000| 96%| O|  |TAMS 0x0000000741400000, 0x0000000741400000| Untracked 
|  21|0x0000000741500000, 0x00000007415fffd8, 0x0000000741600000| 99%| O|  |TAMS 0x0000000741500000, 0x0000000741500000| Untracked 
|  22|0x0000000741600000, 0x00000007416fffe8, 0x0000000741700000| 99%| O|  |TAMS 0x0000000741600000, 0x0000000741600000| Untracked 
|  23|0x0000000741700000, 0x00000007417fffe8, 0x0000000741800000| 99%| O|  |TAMS 0x0000000741700000, 0x0000000741700000| Untracked 
|  24|0x0000000741800000, 0x00000007418ffff8, 0x0000000741900000| 99%| O|  |TAMS 0x0000000741800000, 0x0000000741800000| Untracked 
|  25|0x0000000741900000, 0x0000000741a00000, 0x0000000741a00000|100%| O|  |TAMS 0x0000000741900000, 0x0000000741900000| Untracked 
|  26|0x0000000741a00000, 0x0000000741affca8, 0x0000000741b00000| 99%| O|  |TAMS 0x0000000741a00000, 0x0000000741a00000| Untracked 
|  27|0x0000000741b00000, 0x0000000741bffe68, 0x0000000741c00000| 99%| O|  |TAMS 0x0000000741b00000, 0x0000000741b00000| Untracked 
|  28|0x0000000741c00000, 0x0000000741cffe28, 0x0000000741d00000| 99%| O|  |TAMS 0x0000000741c00000, 0x0000000741c00000| Untracked 
|  29|0x0000000741d00000, 0x0000000741dffff8, 0x0000000741e00000| 99%| O|  |TAMS 0x0000000741d00000, 0x0000000741d00000| Untracked 
|  30|0x0000000741e00000, 0x0000000741effa70, 0x0000000741f00000| 99%| O|  |TAMS 0x0000000741e00000, 0x0000000741e00000| Untracked 
|  31|0x0000000741f00000, 0x0000000741ffffb8, 0x0000000742000000| 99%| O|  |TAMS 0x0000000741f00000, 0x0000000741f00000| Untracked 
|  32|0x0000000742000000, 0x00000007420ffff0, 0x0000000742100000| 99%| O|  |TAMS 0x0000000742000000, 0x0000000742000000| Untracked 
|  33|0x0000000742100000, 0x00000007421ffe60, 0x0000000742200000| 99%| O|  |TAMS 0x0000000742100000, 0x0000000742100000| Untracked 
|  34|0x0000000742200000, 0x00000007422ffff0, 0x0000000742300000| 99%| O|  |TAMS 0x0000000742200000, 0x0000000742200000| Untracked 
|  35|0x0000000742300000, 0x00000007423fffc8, 0x0000000742400000| 99%| O|  |TAMS 0x0000000742300000, 0x0000000742300000| Untracked 
|  36|0x0000000742400000, 0x00000007424fffe8, 0x0000000742500000| 99%| O|  |TAMS 0x0000000742400000, 0x0000000742400000| Untracked 
|  37|0x0000000742500000, 0x00000007425fead0, 0x0000000742600000| 99%| O|  |TAMS 0x0000000742500000, 0x0000000742500000| Untracked 
|  38|0x0000000742600000, 0x00000007426f2590, 0x0000000742700000| 94%| O|  |TAMS 0x0000000742600000, 0x0000000742600000| Untracked 
|  39|0x0000000742700000, 0x00000007427ff850, 0x0000000742800000| 99%| O|  |TAMS 0x0000000742700000, 0x0000000742700000| Untracked 
|  40|0x0000000742800000, 0x00000007428fffc8, 0x0000000742900000| 99%| O|  |TAMS 0x0000000742800000, 0x0000000742800000| Untracked 
|  41|0x0000000742900000, 0x00000007429fffe0, 0x0000000742a00000| 99%| O|  |TAMS 0x0000000742900000, 0x0000000742900000| Untracked 
|  42|0x0000000742a00000, 0x0000000742b00000, 0x0000000742b00000|100%| O|  |TAMS 0x0000000742a00000, 0x0000000742a00000| Untracked 
|  43|0x0000000742b00000, 0x0000000742bfffd0, 0x0000000742c00000| 99%| O|  |TAMS 0x0000000742b00000, 0x0000000742b00000| Untracked 
|  44|0x0000000742c00000, 0x0000000742cffff0, 0x0000000742d00000| 99%| O|  |TAMS 0x0000000742c00000, 0x0000000742c00000| Untracked 
|  45|0x0000000742d00000, 0x0000000742dffff0, 0x0000000742e00000| 99%| O|  |TAMS 0x0000000742d00000, 0x0000000742d00000| Untracked 
|  46|0x0000000742e00000, 0x0000000742efffb8, 0x0000000742f00000| 99%| O|  |TAMS 0x0000000742e00000, 0x0000000742e00000| Untracked 
|  47|0x0000000742f00000, 0x0000000742ffffb8, 0x0000000743000000| 99%| O|  |TAMS 0x0000000742f00000, 0x0000000742f00000| Untracked 
|  48|0x0000000743000000, 0x0000000743100000, 0x0000000743100000|100%| O|  |TAMS 0x0000000743000000, 0x0000000743000000| Untracked 
|  49|0x0000000743100000, 0x00000007431fffd8, 0x0000000743200000| 99%| O|  |TAMS 0x0000000743100000, 0x0000000743100000| Untracked 
|  50|0x0000000743200000, 0x00000007432ffff8, 0x0000000743300000| 99%| O|  |TAMS 0x0000000743200000, 0x0000000743200000| Untracked 
|  51|0x0000000743300000, 0x00000007433fe558, 0x0000000743400000| 99%| O|  |TAMS 0x0000000743300000, 0x0000000743300000| Untracked 
|  52|0x0000000743400000, 0x00000007434fff40, 0x0000000743500000| 99%| O|  |TAMS 0x0000000743400000, 0x0000000743400000| Untracked 
|  53|0x0000000743500000, 0x00000007435fffb8, 0x0000000743600000| 99%| O|  |TAMS 0x0000000743500000, 0x0000000743500000| Untracked 
|  54|0x0000000743600000, 0x00000007436fce00, 0x0000000743700000| 98%| O|  |TAMS 0x0000000743600000, 0x0000000743600000| Untracked 
|  55|0x0000000743700000, 0x00000007437ffff8, 0x0000000743800000| 99%| O|  |TAMS 0x0000000743700000, 0x0000000743700000| Untracked 
|  56|0x0000000743800000, 0x00000007438ffff8, 0x0000000743900000| 99%| O|  |TAMS 0x0000000743800000, 0x0000000743800000| Untracked 
|  57|0x0000000743900000, 0x0000000743a00000, 0x0000000743a00000|100%| O|  |TAMS 0x0000000743900000, 0x0000000743900000| Untracked 
|  58|0x0000000743a00000, 0x0000000743affff8, 0x0000000743b00000| 99%| O|  |TAMS 0x0000000743a00000, 0x0000000743a00000| Untracked 
|  59|0x0000000743b00000, 0x0000000743bffee0, 0x0000000743c00000| 99%| O|  |TAMS 0x0000000743b00000, 0x0000000743b00000| Untracked 
|  60|0x0000000743c00000, 0x0000000743cfffe8, 0x0000000743d00000| 99%| O|  |TAMS 0x0000000743c00000, 0x0000000743c00000| Untracked 
|  61|0x0000000743d00000, 0x0000000743df9e28, 0x0000000743e00000| 97%| O|  |TAMS 0x0000000743d00000, 0x0000000743d00000| Untracked 
|  62|0x0000000743e00000, 0x0000000743f00000, 0x0000000743f00000|100%| O|  |TAMS 0x0000000743e00000, 0x0000000743e00000| Untracked 
|  63|0x0000000743f00000, 0x0000000743ffe2a0, 0x0000000744000000| 99%| O|  |TAMS 0x0000000743f00000, 0x0000000743f00000| Untracked 
|  64|0x0000000744000000, 0x0000000744100000, 0x0000000744100000|100%| O|  |TAMS 0x0000000744000000, 0x0000000744000000| Untracked 
|  65|0x0000000744100000, 0x000000074419da18, 0x0000000744200000| 61%| O|  |TAMS 0x0000000744100000, 0x0000000744100000| Untracked 
|  66|0x0000000744200000, 0x00000007442ff500, 0x0000000744300000| 99%| O|  |TAMS 0x0000000744200000, 0x0000000744200000| Untracked 
|  67|0x0000000744300000, 0x00000007443fffc8, 0x0000000744400000| 99%| O|  |TAMS 0x0000000744300000, 0x0000000744300000| Untracked 
|  68|0x0000000744400000, 0x00000007444ffff0, 0x0000000744500000| 99%| O|  |TAMS 0x0000000744400000, 0x0000000744400000| Untracked 
|  69|0x0000000744500000, 0x0000000744600000, 0x0000000744600000|100%| O|  |TAMS 0x0000000744500000, 0x0000000744500000| Untracked 
|  70|0x0000000744600000, 0x0000000744700000, 0x0000000744700000|100%| O|  |TAMS 0x0000000744600000, 0x0000000744600000| Untracked 
|  71|0x0000000744700000, 0x00000007447ffff8, 0x0000000744800000| 99%| O|  |TAMS 0x0000000744700000, 0x0000000744700000| Untracked 
|  72|0x0000000744800000, 0x00000007448fff50, 0x0000000744900000| 99%| O|  |TAMS 0x0000000744800000, 0x0000000744800000| Untracked 
|  73|0x0000000744900000, 0x00000007449ffec0, 0x0000000744a00000| 99%| O|  |TAMS 0x0000000744900000, 0x0000000744900000| Untracked 
|  74|0x0000000744a00000, 0x0000000744affff8, 0x0000000744b00000| 99%| O|  |TAMS 0x0000000744a00000, 0x0000000744a00000| Untracked 
|  75|0x0000000744b00000, 0x0000000744bffff0, 0x0000000744c00000| 99%| O|  |TAMS 0x0000000744b00000, 0x0000000744b00000| Untracked 
|  76|0x0000000744c00000, 0x0000000744cfffc0, 0x0000000744d00000| 99%| O|  |TAMS 0x0000000744c00000, 0x0000000744c00000| Untracked 
|  77|0x0000000744d00000, 0x0000000744dffff0, 0x0000000744e00000| 99%| O|  |TAMS 0x0000000744d00000, 0x0000000744d00000| Untracked 
|  78|0x0000000744e00000, 0x0000000744f00000, 0x0000000744f00000|100%| O|  |TAMS 0x0000000744e00000, 0x0000000744e00000| Untracked 
|  79|0x0000000744f00000, 0x0000000744fffff8, 0x0000000745000000| 99%| O|  |TAMS 0x0000000744f00000, 0x0000000744f00000| Untracked 
|  80|0x0000000745000000, 0x00000007450f4448, 0x0000000745100000| 95%| O|  |TAMS 0x0000000745000000, 0x0000000745000000| Untracked 
|  81|0x0000000745100000, 0x00000007451d9930, 0x0000000745200000| 84%| O|  |TAMS 0x0000000745100000, 0x0000000745100000| Untracked 
|  82|0x0000000745200000, 0x000000074525e940, 0x0000000745300000| 36%| O|  |TAMS 0x0000000745200000, 0x0000000745200000| Untracked 
|  83|0x0000000745300000, 0x0000000745400000, 0x0000000745400000|100%| O|  |TAMS 0x0000000745300000, 0x0000000745300000| Untracked 
|  84|0x0000000745400000, 0x00000007454fffe8, 0x0000000745500000| 99%| O|  |TAMS 0x0000000745400000, 0x0000000745400000| Untracked 
|  85|0x0000000745500000, 0x00000007455cd6c8, 0x0000000745600000| 80%| O|  |TAMS 0x0000000745500000, 0x0000000745500000| Untracked 
|  86|0x0000000745600000, 0x00000007456fff58, 0x0000000745700000| 99%| O|  |TAMS 0x0000000745600000, 0x0000000745600000| Untracked 
|  87|0x0000000745700000, 0x0000000745769e98, 0x0000000745800000| 41%| O|  |TAMS 0x0000000745700000, 0x0000000745700000| Untracked 
|  88|0x0000000745800000, 0x00000007458484c8, 0x0000000745900000| 28%| O|  |TAMS 0x0000000745800000, 0x0000000745800000| Untracked 
|  89|0x0000000745900000, 0x0000000745a00000, 0x0000000745a00000|100%| O|  |TAMS 0x0000000745900000, 0x0000000745900000| Untracked 
|  90|0x0000000745a00000, 0x0000000745b00000, 0x0000000745b00000|100%| O|  |TAMS 0x0000000745a00000, 0x0000000745a00000| Untracked 
|  91|0x0000000745b00000, 0x0000000745c00000, 0x0000000745c00000|100%| O|  |TAMS 0x0000000745b00000, 0x0000000745b00000| Untracked 
|  92|0x0000000745c00000, 0x0000000745d00000, 0x0000000745d00000|100%| O|  |TAMS 0x0000000745c00000, 0x0000000745c00000| Untracked 
|  93|0x0000000745d00000, 0x0000000745e00000, 0x0000000745e00000|100%| O|  |TAMS 0x0000000745d00000, 0x0000000745d00000| Untracked 
|  94|0x0000000745e00000, 0x0000000745ed7ef0, 0x0000000745f00000| 84%| O|  |TAMS 0x0000000745e00000, 0x0000000745e00000| Untracked 
|  95|0x0000000745f00000, 0x0000000745fafa00, 0x0000000746000000| 68%| O|  |TAMS 0x0000000745f00000, 0x0000000745f00000| Untracked 
|  96|0x0000000746000000, 0x0000000746000000, 0x0000000746100000|  0%| F|  |TAMS 0x0000000746000000, 0x0000000746000000| Untracked 
|  97|0x0000000746100000, 0x0000000746100000, 0x0000000746200000|  0%| F|  |TAMS 0x0000000746100000, 0x0000000746100000| Untracked 
|  98|0x0000000746200000, 0x0000000746282278, 0x0000000746300000| 50%| O|  |TAMS 0x0000000746200000, 0x0000000746200000| Untracked 
|  99|0x0000000746300000, 0x0000000746300000, 0x0000000746400000|  0%| F|  |TAMS 0x0000000746300000, 0x0000000746300000| Untracked 
| 100|0x0000000746400000, 0x0000000746401ff0, 0x0000000746500000|  0%| O|  |TAMS 0x0000000746400000, 0x0000000746400000| Untracked 
| 101|0x0000000746500000, 0x0000000746500000, 0x0000000746600000|  0%| F|  |TAMS 0x0000000746500000, 0x0000000746500000| Untracked 
| 102|0x0000000746600000, 0x0000000746600000, 0x0000000746700000|  0%| F|  |TAMS 0x0000000746600000, 0x0000000746600000| Untracked 
| 103|0x0000000746700000, 0x0000000746700000, 0x0000000746800000|  0%| F|  |TAMS 0x0000000746700000, 0x0000000746700000| Untracked 
| 104|0x0000000746800000, 0x0000000746800000, 0x0000000746900000|  0%| F|  |TAMS 0x0000000746800000, 0x0000000746800000| Untracked 
| 105|0x0000000746900000, 0x0000000746900000, 0x0000000746a00000|  0%| F|  |TAMS 0x0000000746900000, 0x0000000746900000| Untracked 
| 106|0x0000000746a00000, 0x0000000746a00000, 0x0000000746b00000|  0%| F|  |TAMS 0x0000000746a00000, 0x0000000746a00000| Untracked 
| 107|0x0000000746b00000, 0x0000000746b00000, 0x0000000746c00000|  0%| F|  |TAMS 0x0000000746b00000, 0x0000000746b00000| Untracked 
| 108|0x0000000746c00000, 0x0000000746c00000, 0x0000000746d00000|  0%| F|  |TAMS 0x0000000746c00000, 0x0000000746c00000| Untracked 
| 109|0x0000000746d00000, 0x0000000746d00000, 0x0000000746e00000|  0%| F|  |TAMS 0x0000000746d00000, 0x0000000746d00000| Untracked 
| 110|0x0000000746e00000, 0x0000000746e00000, 0x0000000746f00000|  0%| F|  |TAMS 0x0000000746e00000, 0x0000000746e00000| Untracked 
| 111|0x0000000746f00000, 0x0000000746f00000, 0x0000000747000000|  0%| F|  |TAMS 0x0000000746f00000, 0x0000000746f00000| Untracked 
| 112|0x0000000747000000, 0x0000000747000000, 0x0000000747100000|  0%| F|  |TAMS 0x0000000747000000, 0x0000000747000000| Untracked 
| 113|0x0000000747100000, 0x0000000747100000, 0x0000000747200000|  0%| F|  |TAMS 0x0000000747100000, 0x0000000747100000| Untracked 
| 114|0x0000000747200000, 0x0000000747200000, 0x0000000747300000|  0%| F|  |TAMS 0x0000000747200000, 0x0000000747200000| Untracked 
| 115|0x0000000747300000, 0x0000000747300000, 0x0000000747400000|  0%| F|  |TAMS 0x0000000747300000, 0x0000000747300000| Untracked 
| 116|0x0000000747400000, 0x0000000747400000, 0x0000000747500000|  0%| F|  |TAMS 0x0000000747400000, 0x0000000747400000| Untracked 
| 117|0x0000000747500000, 0x0000000747500000, 0x0000000747600000|  0%| F|  |TAMS 0x0000000747500000, 0x0000000747500000| Untracked 
| 118|0x0000000747600000, 0x0000000747600000, 0x0000000747700000|  0%| F|  |TAMS 0x0000000747600000, 0x0000000747600000| Untracked 
| 119|0x0000000747700000, 0x0000000747700000, 0x0000000747800000|  0%| F|  |TAMS 0x0000000747700000, 0x0000000747700000| Untracked 
| 120|0x0000000747800000, 0x0000000747800000, 0x0000000747900000|  0%| F|  |TAMS 0x0000000747800000, 0x0000000747800000| Untracked 
| 121|0x0000000747900000, 0x0000000747900000, 0x0000000747a00000|  0%| F|  |TAMS 0x0000000747900000, 0x0000000747900000| Untracked 
| 122|0x0000000747a00000, 0x0000000747b00000, 0x0000000747b00000|100%|HS|  |TAMS 0x0000000747a00000, 0x0000000747a00000| Untracked 
| 123|0x0000000747b00000, 0x0000000747c00000, 0x0000000747c00000|100%|HC|  |TAMS 0x0000000747b00000, 0x0000000747b00000| Untracked 
| 124|0x0000000747c00000, 0x0000000747d00000, 0x0000000747d00000|100%|HC|  |TAMS 0x0000000747c00000, 0x0000000747c00000| Untracked 
| 125|0x0000000747d00000, 0x0000000747e00000, 0x0000000747e00000|100%|HC|  |TAMS 0x0000000747d00000, 0x0000000747d00000| Untracked 
| 126|0x0000000747e00000, 0x0000000747f00000, 0x0000000747f00000|100%|HC|  |TAMS 0x0000000747e00000, 0x0000000747e00000| Untracked 
| 127|0x0000000747f00000, 0x0000000748000000, 0x0000000748000000|100%|HC|  |TAMS 0x0000000747f00000, 0x0000000747f00000| Untracked 
| 128|0x0000000748000000, 0x0000000748100000, 0x0000000748100000|100%|HC|  |TAMS 0x0000000748000000, 0x0000000748000000| Untracked 
| 129|0x0000000748100000, 0x0000000748100000, 0x0000000748200000|  0%| F|  |TAMS 0x0000000748100000, 0x0000000748100000| Untracked 
| 130|0x0000000748200000, 0x0000000748200000, 0x0000000748300000|  0%| F|  |TAMS 0x0000000748200000, 0x0000000748200000| Untracked 
| 131|0x0000000748300000, 0x0000000748300000, 0x0000000748400000|  0%| F|  |TAMS 0x0000000748300000, 0x0000000748300000| Untracked 
| 132|0x0000000748400000, 0x0000000748400000, 0x0000000748500000|  0%| F|  |TAMS 0x0000000748400000, 0x0000000748400000| Untracked 
| 133|0x0000000748500000, 0x0000000748500000, 0x0000000748600000|  0%| F|  |TAMS 0x0000000748500000, 0x0000000748500000| Untracked 
| 134|0x0000000748600000, 0x0000000748600000, 0x0000000748700000|  0%| F|  |TAMS 0x0000000748600000, 0x0000000748600000| Untracked 
| 135|0x0000000748700000, 0x0000000748700000, 0x0000000748800000|  0%| F|  |TAMS 0x0000000748700000, 0x0000000748700000| Untracked 
| 136|0x0000000748800000, 0x0000000748800000, 0x0000000748900000|  0%| F|  |TAMS 0x0000000748800000, 0x0000000748800000| Untracked 
| 137|0x0000000748900000, 0x0000000748900000, 0x0000000748a00000|  0%| F|  |TAMS 0x0000000748900000, 0x0000000748900000| Untracked 
| 138|0x0000000748a00000, 0x0000000748a00000, 0x0000000748b00000|  0%| F|  |TAMS 0x0000000748a00000, 0x0000000748a00000| Untracked 
| 139|0x0000000748b00000, 0x0000000748b00000, 0x0000000748c00000|  0%| F|  |TAMS 0x0000000748b00000, 0x0000000748b00000| Untracked 
| 140|0x0000000748c00000, 0x0000000748c00000, 0x0000000748d00000|  0%| F|  |TAMS 0x0000000748c00000, 0x0000000748c00000| Untracked 
| 141|0x0000000748d00000, 0x0000000748d00000, 0x0000000748e00000|  0%| F|  |TAMS 0x0000000748d00000, 0x0000000748d00000| Untracked 
| 142|0x0000000748e00000, 0x0000000748e00000, 0x0000000748f00000|  0%| F|  |TAMS 0x0000000748e00000, 0x0000000748e00000| Untracked 
| 143|0x0000000748f00000, 0x0000000748f00000, 0x0000000749000000|  0%| F|  |TAMS 0x0000000748f00000, 0x0000000748f00000| Untracked 
| 144|0x0000000749000000, 0x0000000749000000, 0x0000000749100000|  0%| F|  |TAMS 0x0000000749000000, 0x0000000749000000| Untracked 
| 145|0x0000000749100000, 0x0000000749100000, 0x0000000749200000|  0%| F|  |TAMS 0x0000000749100000, 0x0000000749100000| Untracked 
| 146|0x0000000749200000, 0x0000000749200000, 0x0000000749300000|  0%| F|  |TAMS 0x0000000749200000, 0x0000000749200000| Untracked 
| 147|0x0000000749300000, 0x0000000749300000, 0x0000000749400000|  0%| F|  |TAMS 0x0000000749300000, 0x0000000749300000| Untracked 
| 148|0x0000000749400000, 0x0000000749400000, 0x0000000749500000|  0%| F|  |TAMS 0x0000000749400000, 0x0000000749400000| Untracked 
| 149|0x0000000749500000, 0x0000000749500000, 0x0000000749600000|  0%| F|  |TAMS 0x0000000749500000, 0x0000000749500000| Untracked 
| 150|0x0000000749600000, 0x0000000749600000, 0x0000000749700000|  0%| F|  |TAMS 0x0000000749600000, 0x0000000749600000| Untracked 
| 151|0x0000000749700000, 0x0000000749700000, 0x0000000749800000|  0%| F|  |TAMS 0x0000000749700000, 0x0000000749700000| Untracked 
| 152|0x0000000749800000, 0x0000000749800000, 0x0000000749900000|  0%| F|  |TAMS 0x0000000749800000, 0x0000000749800000| Untracked 
| 153|0x0000000749900000, 0x0000000749900000, 0x0000000749a00000|  0%| F|  |TAMS 0x0000000749900000, 0x0000000749900000| Untracked 
| 154|0x0000000749a00000, 0x0000000749a00000, 0x0000000749b00000|  0%| F|  |TAMS 0x0000000749a00000, 0x0000000749a00000| Untracked 
| 155|0x0000000749b00000, 0x0000000749b00000, 0x0000000749c00000|  0%| F|  |TAMS 0x0000000749b00000, 0x0000000749b00000| Untracked 
| 156|0x0000000749c00000, 0x0000000749c00000, 0x0000000749d00000|  0%| F|  |TAMS 0x0000000749c00000, 0x0000000749c00000| Untracked 
| 157|0x0000000749d00000, 0x0000000749d00000, 0x0000000749e00000|  0%| F|  |TAMS 0x0000000749d00000, 0x0000000749d00000| Untracked 
| 158|0x0000000749e00000, 0x0000000749e00000, 0x0000000749f00000|  0%| F|  |TAMS 0x0000000749e00000, 0x0000000749e00000| Untracked 
| 159|0x0000000749f00000, 0x0000000749f00000, 0x000000074a000000|  0%| F|  |TAMS 0x0000000749f00000, 0x0000000749f00000| Untracked 
| 160|0x000000074a000000, 0x000000074a000000, 0x000000074a100000|  0%| F|  |TAMS 0x000000074a000000, 0x000000074a000000| Untracked 
| 161|0x000000074a100000, 0x000000074a100000, 0x000000074a200000|  0%| F|  |TAMS 0x000000074a100000, 0x000000074a100000| Untracked 
| 162|0x000000074a200000, 0x000000074a200000, 0x000000074a300000|  0%| F|  |TAMS 0x000000074a200000, 0x000000074a200000| Untracked 
| 163|0x000000074a300000, 0x000000074a300000, 0x000000074a400000|  0%| F|  |TAMS 0x000000074a300000, 0x000000074a300000| Untracked 
| 164|0x000000074a400000, 0x000000074a400000, 0x000000074a500000|  0%| F|  |TAMS 0x000000074a400000, 0x000000074a400000| Untracked 
| 165|0x000000074a500000, 0x000000074a500000, 0x000000074a600000|  0%| F|  |TAMS 0x000000074a500000, 0x000000074a500000| Untracked 
| 166|0x000000074a600000, 0x000000074a600000, 0x000000074a700000|  0%| F|  |TAMS 0x000000074a600000, 0x000000074a600000| Untracked 
| 167|0x000000074a700000, 0x000000074a700000, 0x000000074a800000|  0%| F|  |TAMS 0x000000074a700000, 0x000000074a700000| Untracked 
| 168|0x000000074a800000, 0x000000074a800000, 0x000000074a900000|  0%| F|  |TAMS 0x000000074a800000, 0x000000074a800000| Untracked 
| 169|0x000000074a900000, 0x000000074a900000, 0x000000074aa00000|  0%| F|  |TAMS 0x000000074a900000, 0x000000074a900000| Untracked 
| 170|0x000000074aa00000, 0x000000074aa00000, 0x000000074ab00000|  0%| F|  |TAMS 0x000000074aa00000, 0x000000074aa00000| Untracked 
| 171|0x000000074ab00000, 0x000000074ab00000, 0x000000074ac00000|  0%| F|  |TAMS 0x000000074ab00000, 0x000000074ab00000| Untracked 
| 172|0x000000074ac00000, 0x000000074ac00000, 0x000000074ad00000|  0%| F|  |TAMS 0x000000074ac00000, 0x000000074ac00000| Untracked 
| 173|0x000000074ad00000, 0x000000074ad00000, 0x000000074ae00000|  0%| F|  |TAMS 0x000000074ad00000, 0x000000074ad00000| Untracked 
| 174|0x000000074ae00000, 0x000000074ae00000, 0x000000074af00000|  0%| F|  |TAMS 0x000000074ae00000, 0x000000074ae00000| Untracked 
| 175|0x000000074af00000, 0x000000074af00000, 0x000000074b000000|  0%| F|  |TAMS 0x000000074af00000, 0x000000074af00000| Untracked 
| 176|0x000000074b000000, 0x000000074b000000, 0x000000074b100000|  0%| F|  |TAMS 0x000000074b000000, 0x000000074b000000| Untracked 
| 177|0x000000074b100000, 0x000000074b100000, 0x000000074b200000|  0%| F|  |TAMS 0x000000074b100000, 0x000000074b100000| Untracked 
| 178|0x000000074b200000, 0x000000074b200000, 0x000000074b300000|  0%| F|  |TAMS 0x000000074b200000, 0x000000074b200000| Untracked 
| 179|0x000000074b300000, 0x000000074b300000, 0x000000074b400000|  0%| F|  |TAMS 0x000000074b300000, 0x000000074b300000| Untracked 
| 180|0x000000074b400000, 0x000000074b400000, 0x000000074b500000|  0%| F|  |TAMS 0x000000074b400000, 0x000000074b400000| Untracked 
| 181|0x000000074b500000, 0x000000074b500000, 0x000000074b600000|  0%| F|  |TAMS 0x000000074b500000, 0x000000074b500000| Untracked 
| 182|0x000000074b600000, 0x000000074b600000, 0x000000074b700000|  0%| F|  |TAMS 0x000000074b600000, 0x000000074b600000| Untracked 
| 183|0x000000074b700000, 0x000000074b700000, 0x000000074b800000|  0%| F|  |TAMS 0x000000074b700000, 0x000000074b700000| Untracked 
| 184|0x000000074b800000, 0x000000074b800000, 0x000000074b900000|  0%| F|  |TAMS 0x000000074b800000, 0x000000074b800000| Untracked 
| 185|0x000000074b900000, 0x000000074b900000, 0x000000074ba00000|  0%| F|  |TAMS 0x000000074b900000, 0x000000074b900000| Untracked 
| 186|0x000000074ba00000, 0x000000074ba00000, 0x000000074bb00000|  0%| F|  |TAMS 0x000000074ba00000, 0x000000074ba00000| Untracked 
| 187|0x000000074bb00000, 0x000000074bb00000, 0x000000074bc00000|  0%| F|  |TAMS 0x000000074bb00000, 0x000000074bb00000| Untracked 
| 188|0x000000074bc00000, 0x000000074bc00000, 0x000000074bd00000|  0%| F|  |TAMS 0x000000074bc00000, 0x000000074bc00000| Untracked 
| 189|0x000000074bd00000, 0x000000074bd00000, 0x000000074be00000|  0%| F|  |TAMS 0x000000074bd00000, 0x000000074bd00000| Untracked 
| 190|0x000000074be00000, 0x000000074be00000, 0x000000074bf00000|  0%| F|  |TAMS 0x000000074be00000, 0x000000074be00000| Untracked 
| 191|0x000000074bf00000, 0x000000074bf00000, 0x000000074c000000|  0%| F|  |TAMS 0x000000074bf00000, 0x000000074bf00000| Untracked 
| 192|0x000000074c000000, 0x000000074c000000, 0x000000074c100000|  0%| F|  |TAMS 0x000000074c000000, 0x000000074c000000| Untracked 
| 193|0x000000074c100000, 0x000000074c100000, 0x000000074c200000|  0%| F|  |TAMS 0x000000074c100000, 0x000000074c100000| Untracked 
| 194|0x000000074c200000, 0x000000074c25cc58, 0x000000074c300000| 36%| S|CS|TAMS 0x000000074c200000, 0x000000074c200000| Complete 
| 195|0x000000074c300000, 0x000000074c400000, 0x000000074c400000|100%| S|CS|TAMS 0x000000074c300000, 0x000000074c300000| Complete 
| 196|0x000000074c400000, 0x000000074c400000, 0x000000074c500000|  0%| F|  |TAMS 0x000000074c400000, 0x000000074c400000| Untracked 
| 197|0x000000074c500000, 0x000000074c500000, 0x000000074c600000|  0%| F|  |TAMS 0x000000074c500000, 0x000000074c500000| Untracked 
| 198|0x000000074c600000, 0x000000074c600000, 0x000000074c700000|  0%| F|  |TAMS 0x000000074c600000, 0x000000074c600000| Untracked 
| 199|0x000000074c700000, 0x000000074c700000, 0x000000074c800000|  0%| F|  |TAMS 0x000000074c700000, 0x000000074c700000| Untracked 
| 200|0x000000074c800000, 0x000000074c800000, 0x000000074c900000|  0%| F|  |TAMS 0x000000074c800000, 0x000000074c800000| Untracked 
| 201|0x000000074c900000, 0x000000074c994578, 0x000000074ca00000| 57%| E|  |TAMS 0x000000074c900000, 0x000000074c900000| Complete 
| 202|0x000000074ca00000, 0x000000074cb00000, 0x000000074cb00000|100%| E|CS|TAMS 0x000000074ca00000, 0x000000074ca00000| Complete 
| 203|0x000000074cb00000, 0x000000074cc00000, 0x000000074cc00000|100%| E|CS|TAMS 0x000000074cb00000, 0x000000074cb00000| Complete 
| 204|0x000000074cc00000, 0x000000074cd00000, 0x000000074cd00000|100%| E|CS|TAMS 0x000000074cc00000, 0x000000074cc00000| Complete 
| 205|0x000000074cd00000, 0x000000074ce00000, 0x000000074ce00000|100%| E|CS|TAMS 0x000000074cd00000, 0x000000074cd00000| Complete 
| 206|0x000000074ce00000, 0x000000074cf00000, 0x000000074cf00000|100%| E|CS|TAMS 0x000000074ce00000, 0x000000074ce00000| Complete 
| 207|0x000000074cf00000, 0x000000074d000000, 0x000000074d000000|100%| E|CS|TAMS 0x000000074cf00000, 0x000000074cf00000| Complete 
| 208|0x000000074d000000, 0x000000074d100000, 0x000000074d100000|100%| E|CS|TAMS 0x000000074d000000, 0x000000074d000000| Complete 
| 209|0x000000074d100000, 0x000000074d200000, 0x000000074d200000|100%| E|CS|TAMS 0x000000074d100000, 0x000000074d100000| Complete 
| 210|0x000000074d200000, 0x000000074d300000, 0x000000074d300000|100%| E|CS|TAMS 0x000000074d200000, 0x000000074d200000| Complete 
| 211|0x000000074d300000, 0x000000074d400000, 0x000000074d400000|100%| E|CS|TAMS 0x000000074d300000, 0x000000074d300000| Complete 
| 212|0x000000074d400000, 0x000000074d500000, 0x000000074d500000|100%| E|CS|TAMS 0x000000074d400000, 0x000000074d400000| Complete 
| 213|0x000000074d500000, 0x000000074d600000, 0x000000074d600000|100%| E|CS|TAMS 0x000000074d500000, 0x000000074d500000| Complete 
| 214|0x000000074d600000, 0x000000074d700000, 0x000000074d700000|100%| E|CS|TAMS 0x000000074d600000, 0x000000074d600000| Complete 
| 215|0x000000074d700000, 0x000000074d800000, 0x000000074d800000|100%| E|CS|TAMS 0x000000074d700000, 0x000000074d700000| Complete 
| 216|0x000000074d800000, 0x000000074d900000, 0x000000074d900000|100%| E|CS|TAMS 0x000000074d800000, 0x000000074d800000| Complete 
| 217|0x000000074d900000, 0x000000074da00000, 0x000000074da00000|100%| E|CS|TAMS 0x000000074d900000, 0x000000074d900000| Complete 
| 218|0x000000074da00000, 0x000000074db00000, 0x000000074db00000|100%| E|CS|TAMS 0x000000074da00000, 0x000000074da00000| Complete 
| 219|0x000000074db00000, 0x000000074dc00000, 0x000000074dc00000|100%| E|CS|TAMS 0x000000074db00000, 0x000000074db00000| Complete 
| 220|0x000000074dc00000, 0x000000074dd00000, 0x000000074dd00000|100%| E|CS|TAMS 0x000000074dc00000, 0x000000074dc00000| Complete 
| 221|0x000000074dd00000, 0x000000074de00000, 0x000000074de00000|100%| E|CS|TAMS 0x000000074dd00000, 0x000000074dd00000| Complete 
| 222|0x000000074de00000, 0x000000074df00000, 0x000000074df00000|100%| E|CS|TAMS 0x000000074de00000, 0x000000074de00000| Complete 
| 223|0x000000074df00000, 0x000000074e000000, 0x000000074e000000|100%| E|CS|TAMS 0x000000074df00000, 0x000000074df00000| Complete 
| 224|0x000000074e000000, 0x000000074e100000, 0x000000074e100000|100%| E|CS|TAMS 0x000000074e000000, 0x000000074e000000| Complete 
| 225|0x000000074e100000, 0x000000074e200000, 0x000000074e200000|100%| E|CS|TAMS 0x000000074e100000, 0x000000074e100000| Complete 
| 226|0x000000074e200000, 0x000000074e300000, 0x000000074e300000|100%| E|CS|TAMS 0x000000074e200000, 0x000000074e200000| Complete 
| 227|0x000000074e300000, 0x000000074e400000, 0x000000074e400000|100%| E|CS|TAMS 0x000000074e300000, 0x000000074e300000| Complete 
| 228|0x000000074e400000, 0x000000074e500000, 0x000000074e500000|100%| E|CS|TAMS 0x000000074e400000, 0x000000074e400000| Complete 
| 229|0x000000074e500000, 0x000000074e600000, 0x000000074e600000|100%| E|CS|TAMS 0x000000074e500000, 0x000000074e500000| Complete 
| 230|0x000000074e600000, 0x000000074e700000, 0x000000074e700000|100%| E|CS|TAMS 0x000000074e600000, 0x000000074e600000| Complete 
| 231|0x000000074e700000, 0x000000074e800000, 0x000000074e800000|100%| E|CS|TAMS 0x000000074e700000, 0x000000074e700000| Complete 
| 232|0x000000074e800000, 0x000000074e900000, 0x000000074e900000|100%| E|CS|TAMS 0x000000074e800000, 0x000000074e800000| Complete 
| 233|0x000000074e900000, 0x000000074ea00000, 0x000000074ea00000|100%| E|CS|TAMS 0x000000074e900000, 0x000000074e900000| Complete 
| 234|0x000000074ea00000, 0x000000074eb00000, 0x000000074eb00000|100%| E|CS|TAMS 0x000000074ea00000, 0x000000074ea00000| Complete 
| 235|0x000000074eb00000, 0x000000074ec00000, 0x000000074ec00000|100%| E|CS|TAMS 0x000000074eb00000, 0x000000074eb00000| Complete 
| 236|0x000000074ec00000, 0x000000074ed00000, 0x000000074ed00000|100%| E|CS|TAMS 0x000000074ec00000, 0x000000074ec00000| Complete 
| 237|0x000000074ed00000, 0x000000074ee00000, 0x000000074ee00000|100%| E|CS|TAMS 0x000000074ed00000, 0x000000074ed00000| Complete 
| 238|0x000000074ee00000, 0x000000074ef00000, 0x000000074ef00000|100%| E|CS|TAMS 0x000000074ee00000, 0x000000074ee00000| Complete 
| 239|0x000000074ef00000, 0x000000074f000000, 0x000000074f000000|100%| E|CS|TAMS 0x000000074ef00000, 0x000000074ef00000| Complete 
| 240|0x000000074f000000, 0x000000074f100000, 0x000000074f100000|100%| E|CS|TAMS 0x000000074f000000, 0x000000074f000000| Complete 
| 241|0x000000074f100000, 0x000000074f200000, 0x000000074f200000|100%| E|CS|TAMS 0x000000074f100000, 0x000000074f100000| Complete 
| 242|0x000000074f200000, 0x000000074f300000, 0x000000074f300000|100%| E|CS|TAMS 0x000000074f200000, 0x000000074f200000| Complete 
| 243|0x000000074f300000, 0x000000074f400000, 0x000000074f400000|100%| E|CS|TAMS 0x000000074f300000, 0x000000074f300000| Complete 
| 244|0x000000074f400000, 0x000000074f500000, 0x000000074f500000|100%| E|CS|TAMS 0x000000074f400000, 0x000000074f400000| Complete 
| 245|0x000000074f500000, 0x000000074f600000, 0x000000074f600000|100%| E|CS|TAMS 0x000000074f500000, 0x000000074f500000| Complete 
| 246|0x000000074f600000, 0x000000074f700000, 0x000000074f700000|100%| E|CS|TAMS 0x000000074f600000, 0x000000074f600000| Complete 
| 247|0x000000074f700000, 0x000000074f800000, 0x000000074f800000|100%| E|CS|TAMS 0x000000074f700000, 0x000000074f700000| Complete 
| 248|0x000000074f800000, 0x000000074f900000, 0x000000074f900000|100%| E|CS|TAMS 0x000000074f800000, 0x000000074f800000| Complete 
| 249|0x000000074f900000, 0x000000074fa00000, 0x000000074fa00000|100%| E|CS|TAMS 0x000000074f900000, 0x000000074f900000| Complete 
| 250|0x000000074fa00000, 0x000000074fb00000, 0x000000074fb00000|100%| E|CS|TAMS 0x000000074fa00000, 0x000000074fa00000| Complete 
| 251|0x000000074fb00000, 0x000000074fc00000, 0x000000074fc00000|100%| E|CS|TAMS 0x000000074fb00000, 0x000000074fb00000| Complete 
| 252|0x000000074fc00000, 0x000000074fd00000, 0x000000074fd00000|100%| E|CS|TAMS 0x000000074fc00000, 0x000000074fc00000| Complete 
| 253|0x000000074fd00000, 0x000000074fe00000, 0x000000074fe00000|100%| E|CS|TAMS 0x000000074fd00000, 0x000000074fd00000| Complete 
| 254|0x000000074fe00000, 0x000000074ff00000, 0x000000074ff00000|100%| E|CS|TAMS 0x000000074fe00000, 0x000000074fe00000| Complete 
| 255|0x000000074ff00000, 0x0000000750000000, 0x0000000750000000|100%| E|CS|TAMS 0x000000074ff00000, 0x000000074ff00000| Complete 

Card table byte_map: [0x00000220707c0000,0x0000022070dc0000] _byte_map_base: 0x000002206cdc0000

Marking Bits (Prev, Next): (CMBitMap*) 0x0000022014d3b7e8, (CMBitMap*) 0x0000022014d3b820
 Prev Bits: [0x00000220713c0000, 0x00000220743c0000)
 Next Bits: [0x00000220743c0000, 0x00000220773c0000)

Polling page: 0x00000220103e0000

Metaspace:

Usage:
  Non-class:    109.33 MB capacity,   108.33 MB (>99%) used,   761.34 KB ( <1%) free+waste,   270.63 KB ( <1%) overhead. 
      Class:     16.99 MB capacity,    16.28 MB ( 96%) used,   604.93 KB (  3%) free+waste,   118.88 KB ( <1%) overhead. 
       Both:    126.32 MB capacity,   124.61 MB ( 99%) used,     1.33 MB (  1%) free+waste,   389.50 KB ( <1%) overhead. 

Virtual space:
  Non-class space:      114.00 MB reserved,     112.17 MB ( 98%) committed 
      Class space:        1.00 GB reserved,      18.50 MB (  2%) committed 
             Both:        1.11 GB reserved,     130.67 MB ( 11%) committed 

Chunk freelists:
   Non-Class:  2.78 MB
       Class:  1.42 MB
        Both:  4.19 MB

MaxMetaspaceSize: 17179869184.00 GB
CompressedClassSpaceSize: 1.00 GB

CodeHeap 'non-profiled nmethods': size=119168Kb used=30430Kb max_used=30430Kb free=88737Kb
 bounds [0x00000220684e0000, 0x000002206a2a0000, 0x000002206f940000]
CodeHeap 'profiled nmethods': size=119168Kb used=61016Kb max_used=61016Kb free=58151Kb
 bounds [0x0000022061080000, 0x0000022064c70000, 0x00000220684e0000]
CodeHeap 'non-nmethods': size=7424Kb used=1808Kb max_used=3557Kb free=5615Kb
 bounds [0x0000022060940000, 0x0000022060db0000, 0x0000022061080000]
 total_blobs=26526 nmethods=25087 adapters=1340
 compilation: enabled
              stopped_count=0, restarted_count=0
 full_count=0

Compilation events (20 events):
Event: 4799.391 Thread 0x0000022037d45000 31801       3       java.nio.charset.CharsetDecoder::onMalformedInput (26 bytes)
Event: 4799.391 Thread 0x0000022037d45000 nmethod 31801 0x000002206443df10 code [0x000002206443e0e0, 0x000002206443e448]
Event: 4799.391 Thread 0x0000022037d45000 31802       3       java.nio.charset.CharsetDecoder::implOnMalformedInput (1 bytes)
Event: 4799.391 Thread 0x0000022037d45000 nmethod 31802 0x000002206443db10 code [0x000002206443dcc0, 0x000002206443ddb8]
Event: 4799.391 Thread 0x0000022037d45000 31803       3       java.nio.charset.CharsetDecoder::onUnmappableCharacter (26 bytes)
Event: 4799.392 Thread 0x0000022037d45000 nmethod 31803 0x0000022064444010 code [0x00000220644441e0, 0x0000022064444548]
Event: 4799.392 Thread 0x0000022037d45000 31804       3       java.nio.charset.CharsetDecoder::implOnUnmappableCharacter (1 bytes)
Event: 4799.392 Thread 0x0000022037d45000 nmethod 31804 0x0000022064443c90 code [0x0000022064443e40, 0x0000022064443f38]
Event: 4799.901 Thread 0x0000022037d45000 31805  s    3       java.lang.Throwable::getSuppressed (37 bytes)
Event: 4799.901 Thread 0x0000022037d45000 nmethod 31805 0x0000022064c62e90 code [0x0000022064c63060, 0x0000022064c635a8]
Event: 4800.278 Thread 0x0000022037d41000 31806       4       sun.awt.image.ToolkitImage::getSource (22 bytes)
Event: 4800.280 Thread 0x0000022037d41000 nmethod 31806 0x000002206a29b010 code [0x000002206a29b1a0, 0x000002206a29b258]
Event: 4801.452 Thread 0x0000022037d41000 31807       4       ui.data.device.m.c::aVo (17 bytes)
Event: 4801.456 Thread 0x0000022037d41000 nmethod 31807 0x000002206a29b310 code [0x000002206a29b5c0, 0x000002206a29bbe0]
Event: 4802.441 Thread 0x0000022037d45000 31808   !   3       com.jidesoft.editor.CodeEditor::setHorizontalOffset (70 bytes)
Event: 4802.443 Thread 0x0000022037d45000 nmethod 31808 0x0000022064c63690 code [0x0000022064c638c0, 0x0000022064c64258]
Event: 4802.508 Thread 0x0000022037d45000 31809       3       javax.swing.plaf.synth.SynthButtonUI::getPressedIcon (12 bytes)
Event: 4802.509 Thread 0x0000022037d45000 nmethod 31809 0x0000022064443810 code [0x00000220644439c0, 0x0000022064443ba8]
Event: 4802.602 Thread 0x0000022037d41000 31810       4       ui.utils.swing.w.b::compare (13 bytes)
Event: 4802.603 Thread 0x0000022037d41000 nmethod 31810 0x000002206a29c210 code [0x000002206a29c3c0, 0x000002206a29c498]

GC Heap History (20 events):
Event: 4768.300 GC heap before
{Heap before GC invocations=492 (full 9):
 garbage-first heap   total 262144K, used 160165K [0x0000000740000000, 0x0000000800000000)
  region size 1024K, 60 young (61440K), 4 survivors (4096K)
 Metaspace       used 127526K, capacity 129289K, committed 133808K, reserved 1165312K
  class space    used 16670K, capacity 17395K, committed 18944K, reserved 1048576K
}
Event: 4768.304 GC heap after
{Heap after GC invocations=493 (full 9):
 garbage-first heap   total 262144K, used 102730K [0x0000000740000000, 0x0000000800000000)
  region size 1024K, 4 young (4096K), 4 survivors (4096K)
 Metaspace       used 127526K, capacity 129289K, committed 133808K, reserved 1165312K
  class space    used 16670K, capacity 17395K, committed 18944K, reserved 1048576K
}
Event: 4769.054 GC heap before
{Heap before GC invocations=493 (full 9):
 garbage-first heap   total 262144K, used 160074K [0x0000000740000000, 0x0000000800000000)
  region size 1024K, 60 young (61440K), 4 survivors (4096K)
 Metaspace       used 127526K, capacity 129289K, committed 133808K, reserved 1165312K
  class space    used 16670K, capacity 17395K, committed 18944K, reserved 1048576K
}
Event: 4769.058 GC heap after
{Heap after GC invocations=494 (full 9):
 garbage-first heap   total 262144K, used 102751K [0x0000000740000000, 0x0000000800000000)
  region size 1024K, 4 young (4096K), 4 survivors (4096K)
 Metaspace       used 127526K, capacity 129289K, committed 133808K, reserved 1165312K
  class space    used 16670K, capacity 17395K, committed 18944K, reserved 1048576K
}
Event: 4770.000 GC heap before
{Heap before GC invocations=494 (full 9):
 garbage-first heap   total 262144K, used 160095K [0x0000000740000000, 0x0000000800000000)
  region size 1024K, 60 young (61440K), 4 survivors (4096K)
 Metaspace       used 127526K, capacity 129289K, committed 133808K, reserved 1165312K
  class space    used 16670K, capacity 17395K, committed 18944K, reserved 1048576K
}
Event: 4770.006 GC heap after
{Heap after GC invocations=495 (full 9):
 garbage-first heap   total 262144K, used 102866K [0x0000000740000000, 0x0000000800000000)
  region size 1024K, 3 young (3072K), 3 survivors (3072K)
 Metaspace       used 127526K, capacity 129289K, committed 133808K, reserved 1165312K
  class space    used 16670K, capacity 17395K, committed 18944K, reserved 1048576K
}
Event: 4776.599 GC heap before
{Heap before GC invocations=495 (full 9):
 garbage-first heap   total 262144K, used 161234K [0x0000000740000000, 0x0000000800000000)
  region size 1024K, 60 young (61440K), 3 survivors (3072K)
 Metaspace       used 127526K, capacity 129289K, committed 133808K, reserved 1165312K
  class space    used 16670K, capacity 17395K, committed 18944K, reserved 1048576K
}
Event: 4776.603 GC heap after
{Heap after GC invocations=496 (full 9):
 garbage-first heap   total 262144K, used 102975K [0x0000000740000000, 0x0000000800000000)
  region size 1024K, 3 young (3072K), 3 survivors (3072K)
 Metaspace       used 127526K, capacity 129289K, committed 133808K, reserved 1165312K
  class space    used 16670K, capacity 17395K, committed 18944K, reserved 1048576K
}
Event: 4778.511 GC heap before
{Heap before GC invocations=496 (full 9):
 garbage-first heap   total 262144K, used 161343K [0x0000000740000000, 0x0000000800000000)
  region size 1024K, 60 young (61440K), 3 survivors (3072K)
 Metaspace       used 127526K, capacity 129289K, committed 133808K, reserved 1165312K
  class space    used 16670K, capacity 17395K, committed 18944K, reserved 1048576K
}
Event: 4778.515 GC heap after
{Heap after GC invocations=497 (full 9):
 garbage-first heap   total 262144K, used 102903K [0x0000000740000000, 0x0000000800000000)
  region size 1024K, 3 young (3072K), 3 survivors (3072K)
 Metaspace       used 127526K, capacity 129289K, committed 133808K, reserved 1165312K
  class space    used 16670K, capacity 17395K, committed 18944K, reserved 1048576K
}
Event: 4780.876 GC heap before
{Heap before GC invocations=497 (full 9):
 garbage-first heap   total 262144K, used 161271K [0x0000000740000000, 0x0000000800000000)
  region size 1024K, 60 young (61440K), 3 survivors (3072K)
 Metaspace       used 127530K, capacity 129289K, committed 133808K, reserved 1165312K
  class space    used 16670K, capacity 17395K, committed 18944K, reserved 1048576K
}
Event: 4780.880 GC heap after
{Heap after GC invocations=498 (full 9):
 garbage-first heap   total 262144K, used 103083K [0x0000000740000000, 0x0000000800000000)
  region size 1024K, 3 young (3072K), 3 survivors (3072K)
 Metaspace       used 127530K, capacity 129289K, committed 133808K, reserved 1165312K
  class space    used 16670K, capacity 17395K, committed 18944K, reserved 1048576K
}
Event: 4783.866 GC heap before
{Heap before GC invocations=498 (full 9):
 garbage-first heap   total 262144K, used 161451K [0x0000000740000000, 0x0000000800000000)
  region size 1024K, 60 young (61440K), 3 survivors (3072K)
 Metaspace       used 127531K, capacity 129289K, committed 133808K, reserved 1165312K
  class space    used 16670K, capacity 17395K, committed 18944K, reserved 1048576K
}
Event: 4783.871 GC heap after
{Heap after GC invocations=499 (full 9):
 garbage-first heap   total 262144K, used 103185K [0x0000000740000000, 0x0000000800000000)
  region size 1024K, 2 young (2048K), 2 survivors (2048K)
 Metaspace       used 127531K, capacity 129289K, committed 133808K, reserved 1165312K
  class space    used 16670K, capacity 17395K, committed 18944K, reserved 1048576K
}
Event: 4785.948 GC heap before
{Heap before GC invocations=499 (full 9):
 garbage-first heap   total 262144K, used 162577K [0x0000000740000000, 0x0000000800000000)
  region size 1024K, 60 young (61440K), 2 survivors (2048K)
 Metaspace       used 127531K, capacity 129289K, committed 133808K, reserved 1165312K
  class space    used 16670K, capacity 17395K, committed 18944K, reserved 1048576K
}
Event: 4785.951 GC heap after
{Heap after GC invocations=500 (full 9):
 garbage-first heap   total 262144K, used 103257K [0x0000000740000000, 0x0000000800000000)
  region size 1024K, 2 young (2048K), 2 survivors (2048K)
 Metaspace       used 127531K, capacity 129289K, committed 133808K, reserved 1165312K
  class space    used 16670K, capacity 17395K, committed 18944K, reserved 1048576K
}
Event: 4786.785 GC heap before
{Heap before GC invocations=500 (full 9):
 garbage-first heap   total 262144K, used 162649K [0x0000000740000000, 0x0000000800000000)
  region size 1024K, 60 young (61440K), 2 survivors (2048K)
 Metaspace       used 127531K, capacity 129289K, committed 133808K, reserved 1165312K
  class space    used 16670K, capacity 17395K, committed 18944K, reserved 1048576K
}
Event: 4786.788 GC heap after
{Heap after GC invocations=501 (full 9):
 garbage-first heap   total 262144K, used 103240K [0x0000000740000000, 0x0000000800000000)
  region size 1024K, 2 young (2048K), 2 survivors (2048K)
 Metaspace       used 127531K, capacity 129289K, committed 133808K, reserved 1165312K
  class space    used 16670K, capacity 17395K, committed 18944K, reserved 1048576K
}
Event: 4792.651 GC heap before
{Heap before GC invocations=501 (full 9):
 garbage-first heap   total 262144K, used 162632K [0x0000000740000000, 0x0000000800000000)
  region size 1024K, 60 young (61440K), 2 survivors (2048K)
 Metaspace       used 127534K, capacity 129289K, committed 133808K, reserved 1165312K
  class space    used 16670K, capacity 17395K, committed 18944K, reserved 1048576K
}
Event: 4792.653 GC heap after
{Heap after GC invocations=502 (full 9):
 garbage-first heap   total 262144K, used 103706K [0x0000000740000000, 0x0000000800000000)
  region size 1024K, 2 young (2048K), 2 survivors (2048K)
 Metaspace       used 127534K, capacity 129289K, committed 133808K, reserved 1165312K
  class space    used 16670K, capacity 17395K, committed 18944K, reserved 1048576K
}

Deoptimization events (20 events):
Event: 4526.943 Thread 0x000002201fbf3800 DEOPT PACKING pc=0x00000220687166f4 sp=0x000000a4688fcb60
Event: 4526.943 Thread 0x000002201fbf3800 DEOPT UNPACKING pc=0x00000220609668af sp=0x000000a4688fcab8 mode 2
Event: 4532.845 Thread 0x0000022037cae000 Uncommon trap: trap_request=0xffffffde fr.pc=0x0000022069b4603c relative=0x00000000000007fc
Event: 4532.845 Thread 0x0000022037cae000 Uncommon trap: reason=class_check action=maybe_recompile pc=0x0000022069b4603c method=javax.swing.plaf.synth.ParsedSynthStyle$DelegatingPainter.paintPanelBackground(Ljavax/swing/plaf/synth/SynthContext;Ljava/awt/Graphics;IIII)V @ 16 c2
Event: 4532.845 Thread 0x0000022037cae000 DEOPT PACKING pc=0x0000022069b4603c sp=0x000000a460af78e0
Event: 4532.845 Thread 0x0000022037cae000 DEOPT UNPACKING pc=0x00000220609668af sp=0x000000a460af7858 mode 2
Event: 4657.631 Thread 0x0000022037cae000 DEOPT PACKING pc=0x0000022063402aca sp=0x000000a460af6eb0
Event: 4657.631 Thread 0x0000022037cae000 DEOPT UNPACKING pc=0x000002206096705e sp=0x000000a460af6360 mode 0
Event: 4744.955 Thread 0x0000022037cae000 Uncommon trap: trap_request=0xfffffff4 fr.pc=0x0000022068b8547c relative=0x00000000000004bc
Event: 4744.955 Thread 0x0000022037cae000 Uncommon trap: reason=null_check action=make_not_entrant pc=0x0000022068b8547c method=java.lang.invoke.LambdaFormEditor.getInCache(Ljava/lang/invoke/LambdaFormEditor$Transform;)Ljava/lang/invoke/LambdaForm; @ 178 c2
Event: 4744.955 Thread 0x0000022037cae000 DEOPT PACKING pc=0x0000022068b8547c sp=0x000000a460af9900
Event: 4744.955 Thread 0x0000022037cae000 DEOPT UNPACKING pc=0x00000220609668af sp=0x000000a460af98a8 mode 2
Event: 4759.342 Thread 0x0000022037cae000 Uncommon trap: trap_request=0xffffff4d fr.pc=0x0000022069653cc0 relative=0x0000000000000a80
Event: 4759.342 Thread 0x0000022037cae000 Uncommon trap: reason=unstable_if action=reinterpret pc=0x0000022069653cc0 method=java.awt.Container.clearMostRecentFocusOwnerOnHide()V @ 29 c2
Event: 4759.342 Thread 0x0000022037cae000 DEOPT PACKING pc=0x0000022069653cc0 sp=0x000000a460afa620
Event: 4759.342 Thread 0x0000022037cae000 DEOPT UNPACKING pc=0x00000220609668af sp=0x000000a460afa5c0 mode 2
Event: 4790.258 Thread 0x0000022037cae000 Uncommon trap: trap_request=0xffffff4d fr.pc=0x0000022069754cf4 relative=0x0000000000001394
Event: 4790.258 Thread 0x0000022037cae000 Uncommon trap: reason=unstable_if action=reinterpret pc=0x0000022069754cf4 method=java.awt.LightweightDispatcher.eventDispatched(Ljava/awt/AWTEvent;)V @ 32 c2
Event: 4790.258 Thread 0x0000022037cae000 DEOPT PACKING pc=0x0000022069754cf4 sp=0x000000a460af18a0
Event: 4790.258 Thread 0x0000022037cae000 DEOPT UNPACKING pc=0x00000220609668af sp=0x000000a460af1860 mode 2

Classes redefined (0 events):
No events

Internal exceptions (20 events):
Event: 4559.099 Thread 0x0000022037cae000 Exception <a 'java/io/FileNotFoundException'{0x000000074f90e4f0}> (0x000000074f90e4f0) thrown at [./src/hotspot/share/prims/jni.cpp, line 615]
Event: 4564.099 Thread 0x0000022037cae000 Exception <a 'java/io/FileNotFoundException'{0x000000074f76c7e0}> (0x000000074f76c7e0) thrown at [./src/hotspot/share/prims/jni.cpp, line 615]
Event: 4569.100 Thread 0x0000022037cae000 Exception <a 'java/io/FileNotFoundException'{0x000000074f3c3c28}> (0x000000074f3c3c28) thrown at [./src/hotspot/share/prims/jni.cpp, line 615]
Event: 4574.100 Thread 0x0000022037cae000 Exception <a 'java/io/FileNotFoundException'{0x000000074f09a2d8}> (0x000000074f09a2d8) thrown at [./src/hotspot/share/prims/jni.cpp, line 615]
Event: 4579.100 Thread 0x0000022037cae000 Exception <a 'java/io/FileNotFoundException'{0x000000074ec5e0b0}> (0x000000074ec5e0b0) thrown at [./src/hotspot/share/prims/jni.cpp, line 615]
Event: 4584.101 Thread 0x0000022037cae000 Exception <a 'java/io/FileNotFoundException'{0x000000074e8326e8}> (0x000000074e8326e8) thrown at [./src/hotspot/share/prims/jni.cpp, line 615]
Event: 4653.628 Thread 0x00000220d2690000 Exception <a 'java/lang/InterruptedException'{0x000000074c808880}: sleep interrupted> (0x000000074c808880) thrown at [./src/hotspot/share/prims/jvm.cpp, line 3099]
Event: 4744.955 Thread 0x0000022037cae000 Implicit null exception at 0x0000022068b8517e to 0x0000022068b8546c
Event: 4744.961 Thread 0x0000022037cae000 Exception <a 'java/lang/NoSuchMethodError'{0x000000074e44c7f0}: 'java.lang.Object java.lang.invoke.DirectMethodHandle$Holder.invokeSpecial(java.lang.Object, java.lang.Object, int, int, java.lang.Object, java.lang.Object, java.lang.Object, java.lang.Object, java.lang.Object)'> (0x000000074e44c7f0) thrown at [./src/hotspot/share/interpreter/linkResolver.cpp, line 773]
Event: 4744.961 Thread 0x0000022037cae000 Exception <a 'java/lang/NoSuchMethodError'{0x000000074e450480}: 'java.lang.Object java.lang.invoke.DelegatingMethodHandle$Holder.reinvoke_L(java.lang.Object, int, int, java.lang.Object, java.lang.Object, java.lang.Object, java.lang.Object, java.lang.Object)'> (0x000000074e450480) thrown at [./src/hotspot/share/interpreter/linkResolver.cpp, line 773]
Event: 4744.962 Thread 0x0000022037cae000 Exception <a 'java/lang/NoSuchMethodError'{0x000000074e4a7cf8}: 'java.lang.Object java.lang.invoke.Invokers$Holder.linkToTargetMethod(java.lang.Object, java.lang.Object, java.lang.Object, java.lang.Object, java.lang.Object, java.lang.Object)'> (0x000000074e4a7cf8) thrown at [./src/hotspot/share/interpreter/linkResolver.cpp, line 773]
Event: 4782.866 Thread 0x00000220d269a800 Exception <a 'java/lang/InterruptedException'{0x000000074f364328}: sleep interrupted> (0x000000074f364328) thrown at [./src/hotspot/share/prims/jvm.cpp, line 3099]
Event: 4788.656 Thread 0x0000022037cae000 Exception <a 'java/io/FileNotFoundException'{0x000000074f63e538}> (0x000000074f63e538) thrown at [./src/hotspot/share/prims/jni.cpp, line 615]
Event: 4788.706 Thread 0x0000022037cae000 Exception <a 'java/io/FileNotFoundException'{0x000000074f57ffc8}> (0x000000074f57ffc8) thrown at [./src/hotspot/share/prims/jni.cpp, line 615]
Event: 4791.430 Thread 0x0000022037cae000 Exception <a 'java/io/FileNotFoundException'{0x000000074e81a3c0}> (0x000000074e81a3c0) thrown at [./src/hotspot/share/prims/jni.cpp, line 615]
Event: 4791.430 Thread 0x0000022037cae000 Exception <a 'java/io/FileNotFoundException'{0x000000074e81ae68}> (0x000000074e81ae68) thrown at [./src/hotspot/share/prims/jni.cpp, line 615]
Event: 4791.529 Thread 0x0000022037cae000 Exception <a 'java/io/FileNotFoundException'{0x000000074e728200}> (0x000000074e728200) thrown at [./src/hotspot/share/prims/jni.cpp, line 615]
Event: 4791.530 Thread 0x0000022037cae000 Exception <a 'java/io/FileNotFoundException'{0x000000074e728cc0}> (0x000000074e728cc0) thrown at [./src/hotspot/share/prims/jni.cpp, line 615]
Event: 4796.530 Thread 0x0000022037cae000 Exception <a 'java/io/FileNotFoundException'{0x000000074f344228}> (0x000000074f344228) thrown at [./src/hotspot/share/prims/jni.cpp, line 615]
Event: 4801.532 Thread 0x0000022037cae000 Exception <a 'java/io/FileNotFoundException'{0x000000074cdf1b30}> (0x000000074cdf1b30) thrown at [./src/hotspot/share/prims/jni.cpp, line 615]

Events (20 events):
Event: 4799.379 loading class ui/data/z done
Event: 4799.395 Thread 0x00000220d2696800 Thread added: 0x00000220d2696800
Event: 4799.403 Executing VM operation: RevokeBias
Event: 4799.403 Executing VM operation: RevokeBias done
Event: 4799.513 Thread 0x00000220d269c800 Thread exited: 0x00000220d269c800
Event: 4799.528 Executing VM operation: RevokeBias
Event: 4799.528 Executing VM operation: RevokeBias done
Event: 4799.715 Thread 0x00000220d2697800 Thread added: 0x00000220d2697800
Event: 4799.723 Thread 0x00000220d2697800 Thread exited: 0x00000220d2697800
Event: 4800.715 Thread 0x00000220d269c800 Thread added: 0x00000220d269c800
Event: 4800.723 Thread 0x00000220d269c800 Thread exited: 0x00000220d269c800
Event: 4801.456 Executing VM operation: RevokeBias
Event: 4801.456 Executing VM operation: RevokeBias done
Event: 4801.456 Executing VM operation: RevokeBias
Event: 4801.457 Executing VM operation: RevokeBias done
Event: 4801.522 Executing VM operation: RevokeBias
Event: 4801.522 Executing VM operation: RevokeBias done
Event: 4801.716 Thread 0x00000220d2697800 Thread added: 0x00000220d2697800
Event: 4801.725 Thread 0x00000220d2697800 Thread exited: 0x00000220d2697800
Event: 4802.576 Thread 0x00000220d2697800 Thread added: 0x00000220d2697800


Dynamic libraries:
0x00007ff7e53e0000 - 0x00007ff7e5411000 	C:\Xilinx\Vivado\2022.1\bin\unwrapped\win64.o\vivado.exe
0x00007fffb9b70000 - 0x00007fffb9d68000 	C:\WINDOWS\SYSTEM32\ntdll.dll
0x00007fffb8e10000 - 0x00007fffb8ed2000 	C:\WINDOWS\System32\KERNEL32.DLL
0x00007fffb7330000 - 0x00007fffb762e000 	C:\WINDOWS\System32\KERNELBASE.dll
0x00007fffb7a60000 - 0x00007fffb7b60000 	C:\WINDOWS\System32\ucrtbase.dll
0x00007fff98db0000 - 0x00007fff98e3d000 	C:\WINDOWS\SYSTEM32\MSVCP140.dll
0x00007fffad490000 - 0x00007fffad4ab000 	C:\WINDOWS\SYSTEM32\VCRUNTIME140.dll
0x00007fffaecf0000 - 0x00007fffaecfc000 	C:\WINDOWS\SYSTEM32\VCRUNTIME140_1.dll
0x00007fff649b0000 - 0x00007fff65d3c000 	C:\Xilinx\Vivado\2022.1\lib\win64.o\librdi_common.dll
0x00007fffafcc0000 - 0x00007fffafcd8000 	C:\Xilinx\Vivado\2022.1\lib\win64.o\librdi_commonmain.dll
0x00007fffb9960000 - 0x00007fffb9afd000 	C:\WINDOWS\System32\USER32.dll
0x00007fffb7780000 - 0x00007fffb77a2000 	C:\WINDOWS\System32\win32u.dll
0x00007fffb9550000 - 0x00007fffb957b000 	C:\WINDOWS\System32\GDI32.dll
0x00007fffab6b0000 - 0x00007fffab6c1000 	C:\Xilinx\Vivado\2022.1\lib\win64.o\libboost_date_time.dll
0x00007fffb7910000 - 0x00007fffb7a27000 	C:\WINDOWS\System32\gdi32full.dll
0x00007fffb7630000 - 0x00007fffb76cd000 	C:\WINDOWS\System32\msvcp_win.dll
0x00007fff66420000 - 0x00007fff6678e000 	C:\Xilinx\Vivado\2022.1\lib\win64.o\libCOIN-all.dll
0x00007fff99700000 - 0x00007fff99721000 	C:\Xilinx\Vivado\2022.1\lib\win64.o\libboost_filesystem.dll
0x00007fffb8d50000 - 0x00007fffb8e02000 	C:\WINDOWS\System32\ADVAPI32.dll
0x00007fffaa6a0000 - 0x00007fffaa6a9000 	C:\Xilinx\Vivado\2022.1\lib\win64.o\librdi_commonversion.dll
0x00007fffb94b0000 - 0x00007fffb954e000 	C:\WINDOWS\System32\msvcrt.dll
0x00007fffb7da0000 - 0x00007fffb850f000 	C:\WINDOWS\System32\SHELL32.dll
0x00007fffb9580000 - 0x00007fffb9620000 	C:\WINDOWS\System32\sechost.dll
0x00007fffb7b60000 - 0x00007fffb7c83000 	C:\WINDOWS\System32\RPCRT4.dll
0x00007fffb9320000 - 0x00007fffb938b000 	C:\WINDOWS\System32\WS2_32.dll
0x00007fff8d870000 - 0x00007fff8d8e9000 	C:\Xilinx\Vivado\2022.1\lib\win64.o\libboost_program_options.dll
0x00007fffb7a30000 - 0x00007fffb7a57000 	C:\WINDOWS\System32\bcrypt.dll
0x00007fff6d970000 - 0x00007fff6da84000 	C:\Xilinx\Vivado\2022.1\lib\win64.o\libboost_regex.dll
0x00007fff6c2d0000 - 0x00007fff6c485000 	C:\Xilinx\Vivado\2022.1\lib\win64.o\librdi_commonxillic.dll
0x00000000558f0000 - 0x0000000055a1b000 	C:\Xilinx\Vivado\2022.1\lib\win64.o\tcl85t.dll
0x00007fffadc10000 - 0x00007fffadc1c000 	C:\Xilinx\Vivado\2022.1\lib\win64.o\libboost_xilinx.dll
0x00007fffab420000 - 0x00007fffab43c000 	C:\Xilinx\Vivado\2022.1\lib\win64.o\libboost_thread.dll
0x00007fff6d5a0000 - 0x00007fff6d645000 	C:\Xilinx\Vivado\2022.1\lib\win64.o\libhdxml.dll
0x00007fff73660000 - 0x00007fff736e2000 	C:\Xilinx\Vivado\2022.1\lib\win64.o\libhdlpsolve.dll
0x00007fff704a0000 - 0x00007fff70505000 	C:\Xilinx\Vivado\2022.1\lib\win64.o\liblmx6.0.dll
0x00007fff63b60000 - 0x00007fff649a5000 	C:\Xilinx\Vivado\2022.1\lib\win64.o\libisl_iostreams.dll
0x00007fff94780000 - 0x00007fff947aa000 	C:\Xilinx\Vivado\2022.1\lib\win64.o\libisl_sysinfo.dll
0x00007fffa5ee0000 - 0x00007fffa5efa000 	C:\Xilinx\Vivado\2022.1\lib\win64.o\pthreadVC2.dll
0x00007fff66ec0000 - 0x00007fff67181000 	C:\Xilinx\Vivado\2022.1\lib\win64.o\xerces-c_3_2.dll
0x00007fffa5f90000 - 0x00007fffa5fac000 	C:\Xilinx\Vivado\2022.1\lib\win64.o\librdiconfig.dll
0x00007fff91b70000 - 0x00007fff91b91000 	C:\Xilinx\Vivado\2022.1\lib\win64.o\librdizlib.dll
0x00007fffb9700000 - 0x00007fffb9755000 	C:\WINDOWS\System32\SHLWAPI.dll
0x00007fffb1a10000 - 0x00007fffb1b1d000 	C:\WINDOWS\SYSTEM32\WINHTTP.dll
0x00007fffaa940000 - 0x00007fffaab2c000 	C:\WINDOWS\SYSTEM32\urlmon.dll
0x00007fffa5370000 - 0x00007fffa5389000 	C:\WINDOWS\SYSTEM32\NETAPI32.dll
0x00007fffa4400000 - 0x00007fffa48d8000 	C:\WINDOWS\SYSTEM32\WININET.dll
0x00007fff7e220000 - 0x00007fff7e251000 	C:\WINDOWS\SYSTEM32\VCOMP140.DLL
0x00007fffa1ba0000 - 0x00007fffa1ba9000 	C:\WINDOWS\SYSTEM32\WSOCK32.dll
0x00007fff61c40000 - 0x00007fff63b57000 	C:\Xilinx\Vivado\2022.1\lib\win64.o\gurobi90.dll
0x00007fff66100000 - 0x00007fff66416000 	C:\Xilinx\Vivado\2022.1\lib\win64.o\libXil_lmgr11.dll
0x00007fffb77b0000 - 0x00007fffb790c000 	C:\WINDOWS\System32\CRYPT32.dll
0x00007fffb9620000 - 0x00007fffb96fa000 	C:\WINDOWS\System32\COMDLG32.dll
0x00007fffb7c90000 - 0x00007fffb7ced000 	C:\WINDOWS\System32\WLDAP32.dll
0x00007fffb8fc0000 - 0x00007fffb9313000 	C:\WINDOWS\System32\combase.dll
0x00007fffb8ee0000 - 0x00007fffb8ee8000 	C:\WINDOWS\System32\Normaliz.dll
0x00007fffb9890000 - 0x00007fffb993d000 	C:\WINDOWS\System32\shcore.dll
0x00007fffb8ef0000 - 0x00007fffb8fbd000 	C:\WINDOWS\System32\OLEAUT32.dll
0x00007fff8dbb0000 - 0x00007fff8dbd4000 	C:\Xilinx\Vivado\2022.1\lib\win64.o\libisl_iosutils.dll
0x00007fffb9760000 - 0x00007fffb988b000 	C:\WINDOWS\System32\ole32.dll
0x00007fffa5c20000 - 0x00007fffa5c38000 	C:\Xilinx\Vivado\2022.1\lib\win64.o\libboost_iostreams.dll
0x00007fffb72c0000 - 0x00007fffb7329000 	C:\WINDOWS\System32\WINTRUST.dll
0x00007fffb5e10000 - 0x00007fffb5e38000 	C:\WINDOWS\SYSTEM32\srvcli.dll
0x00007fffa8b10000 - 0x00007fffa8dce000 	C:\WINDOWS\SYSTEM32\iertutil.dll
0x00007fffb6640000 - 0x00007fffb664c000 	C:\WINDOWS\SYSTEM32\netutils.dll
0x00007fffadeb0000 - 0x00007fffadf60000 	C:\WINDOWS\WinSxS\amd64_microsoft.windows.common-controls_6595b64144ccf1df_5.82.19041.4355_none_792ecafd2442822f\COMCTL32.dll
0x00007fffb3cd0000 - 0x00007fffb3ced000 	C:\WINDOWS\SYSTEM32\dhcpcsvc.DLL
0x00007fffb7090000 - 0x00007fffb70be000 	C:\WINDOWS\SYSTEM32\USERENV.dll
0x00007fffb6970000 - 0x00007fffb69da000 	C:\WINDOWS\SYSTEM32\MSWSOCK.DLL
0x00007fffb8c90000 - 0x00007fffb8cbf000 	C:\WINDOWS\System32\IMM32.DLL
0x00007fffb6da0000 - 0x00007fffb6db2000 	C:\WINDOWS\SYSTEM32\MSASN1.dll
0x00007fffb4ea0000 - 0x00007fffb4eb2000 	C:\WINDOWS\SYSTEM32\kernel.appcore.dll
0x00007fff61700000 - 0x00007fff61c32000 	C:\Xilinx\Vivado\2022.1\lib\win64.o\librdi_commontasks.dll
0x00007fffb1d20000 - 0x00007fffb1d2a000 	C:\WINDOWS\SYSTEM32\VERSION.dll
0x00007fff613d0000 - 0x00007fff616f5c00 	C:\Xilinx\Vivado\2022.1\lib\win64.o\librdi_sio.dll
0x00007fffb6600000 - 0x00007fffb663b000 	C:\WINDOWS\SYSTEM32\IPHLPAPI.DLL
0x00007fff5ec20000 - 0x00007fff5f76d000 	C:\Xilinx\Vivado\2022.1\tps\win64\jre11.0.11_9\bin\server\jvm.dll
0x00007fffb9940000 - 0x00007fffb9948000 	C:\WINDOWS\System32\PSAPI.DLL
0x00007fffaec70000 - 0x00007fffaec97000 	C:\WINDOWS\SYSTEM32\WINMM.dll
0x00007fffb70c0000 - 0x00007fffb70f2000 	C:\WINDOWS\SYSTEM32\SspiCli.dll
0x00007fff9c720000 - 0x00007fff9c737000 	C:\WINDOWS\system32\napinsp.dll
0x00007fff9c700000 - 0x00007fff9c71b000 	C:\WINDOWS\system32\pnrpnsp.dll
0x00007fff9c6e0000 - 0x00007fff9c6f5000 	C:\WINDOWS\system32\wshbth.dll
0x00007fffb4340000 - 0x00007fffb435d000 	C:\WINDOWS\system32\NLAapi.dll
0x00007fffb6650000 - 0x00007fffb671a000 	C:\WINDOWS\SYSTEM32\DNSAPI.dll
0x00007fffb9950000 - 0x00007fffb9958000 	C:\WINDOWS\System32\NSI.dll
0x00007fff9c6c0000 - 0x00007fff9c6d2000 	C:\WINDOWS\System32\winrnr.dll
0x00007fffb50a0000 - 0x00007fffb5844000 	C:\WINDOWS\SYSTEM32\windows.storage.dll
0x00007fffb6c10000 - 0x00007fffb6c3e000 	C:\WINDOWS\SYSTEM32\Wldp.dll
0x00007fff59450000 - 0x00007fff5c097000 	C:\Xilinx\Vivado\2022.1\lib\win64.o\librdi_tcltasks.dll
0x00007fff6eb90000 - 0x00007fff6ec10000 	C:\Xilinx\Vivado\2022.1\lib\win64.o\librdi_boarddep.dll
0x00007fff6c540000 - 0x00007fff6c666000 	C:\Xilinx\Vivado\2022.1\lib\win64.o\librdi_chipscope.dll
0x00007fff739c0000 - 0x00007fff73a04000 	C:\Xilinx\Vivado\2022.1\lib\win64.o\libboost_serialization.dll
0x00007fff60f00000 - 0x00007fff613cf000 	C:\Xilinx\Vivado\2022.1\lib\win64.o\librdi_bitstream.dll
0x00007fff6ad00000 - 0x00007fff6aec1000 	C:\Xilinx\Vivado\2022.1\lib\win64.o\librdi_board.dll
0x00007fff60d00000 - 0x00007fff60ef6000 	C:\Xilinx\Vivado\2022.1\lib\win64.o\librdi_chipscopeimpl.dll
0x00007fff56eb0000 - 0x00007fff5944f000 	C:\Xilinx\Vivado\2022.1\lib\win64.o\librdi_coregen.dll
0x00007fff5cb80000 - 0x00007fff5ec1d000 	C:\Xilinx\Vivado\2022.1\lib\win64.o\librdi_constraints.dll
0x00007fff33210000 - 0x00007fff351fa000 	C:\Xilinx\Vivado\2022.1\lib\win64.o\librdi_designutils.dll
0x00007fff6a880000 - 0x00007fff6a9e5000 	C:\Xilinx\Vivado\2022.1\lib\win64.o\librdi_containers.dll
0x00007fff5fd00000 - 0x00007fff60425000 	C:\Xilinx\Vivado\2022.1\lib\win64.o\librdi_coregenipxact.dll
0x00007ffef2a90000 - 0x00007fff12fc3000 	C:\Xilinx\Vivado\2022.1\lib\win64.o\librdi_device.dll
0x00007fff56160000 - 0x00007fff567ef000 	C:\Xilinx\Vivado\2022.1\lib\win64.o\librdi_filemgmt.dll
0x00007fff5f820000 - 0x00007fff5fb9c000 	C:\Xilinx\Vivado\2022.1\lib\win64.o\librdi_dlyest.dll
0x00007fff567f0000 - 0x00007fff56eab000 	C:\Xilinx\Vivado\2022.1\lib\win64.o\librdi_drc.dll
0x00007fff6ac40000 - 0x00007fff6acf4000 	C:\Xilinx\Vivado\2022.1\lib\win64.o\librdi_dsp.dll
0x00007fff5c660000 - 0x00007fff5c986000 	C:\Xilinx\Vivado\2022.1\lib\win64.o\librdi_guitools.dll
0x00007fff60760000 - 0x00007fff60a17000 	C:\Xilinx\Vivado\2022.1\lib\win64.o\librdi_hip_devdesign.dll
0x00007fff317f0000 - 0x00007fff32393000 	C:\Xilinx\Vivado\2022.1\lib\win64.o\librdi_ippcw.dll
0x00007fff70340000 - 0x00007fff703a9000 	C:\Xilinx\Vivado\2022.1\lib\win64.o\librdi_hdf.dll
0x00007fff5c510000 - 0x00007fff5c658000 	C:\Xilinx\Vivado\2022.1\lib\win64.o\librdi_hip_perf_analysis.dll
0x00007fff323a0000 - 0x00007fff33208000 	C:\Xilinx\Vivado\2022.1\lib\win64.o\librdi_implflow.dll
0x00007fff55300000 - 0x00007fff55a30000 	C:\Xilinx\Vivado\2022.1\lib\win64.o\librdi_lopt.dll
0x00007fff2e9e0000 - 0x00007fff31083000 	C:\Xilinx\Vivado\2022.1\lib\win64.o\librdi_mig.dll
0x00007fff55b00000 - 0x00007fff56151000 	C:\Xilinx\Vivado\2022.1\lib\win64.o\librdi_memdata.dll
0x00007fff6d8f0000 - 0x00007fff6d964000 	C:\Xilinx\Vivado\2022.1\lib\win64.o\librdi_memoryarray.dll
0x00007fff6c730000 - 0x00007fff6c787000 	C:\Xilinx\Vivado\2022.1\lib\win64.o\librdi_pfi.dll
0x00007fff31090000 - 0x00007fff317ef000 	C:\Xilinx\Vivado\2022.1\lib\win64.o\librdi_netlist.dll
0x00007fff545c0000 - 0x00007fff549e7000 	C:\Xilinx\Vivado\2022.1\lib\win64.o\librdi_platform.dll
0x00007fff2b310000 - 0x00007fff2ba5a000 	C:\Xilinx\Vivado\2022.1\lib\win64.o\librdi_project.dll
0x00007fff2ba60000 - 0x00007fff2e9d9000 	C:\Xilinx\Vivado\2022.1\lib\win64.o\librdi_place.dll
0x00007fff2aa50000 - 0x00007fff2b30f000 	C:\Xilinx\Vivado\2022.1\lib\win64.o\librdi_power.dll
0x00007fff2a150000 - 0x00007fff2aa49000 	C:\Xilinx\Vivado\2022.1\lib\win64.o\librdi_rsb.dll
0x00007fff29a10000 - 0x00007fff2a144000 	C:\Xilinx\Vivado\2022.1\lib\win64.o\librdi_psta.dll
0x00007fff672b0000 - 0x00007fff673c9000 	C:\Xilinx\Vivado\2022.1\lib\win64.o\librdi_runsbase.dll
0x00007fff294b0000 - 0x00007fff29a0c000 	C:\Xilinx\Vivado\2022.1\lib\win64.o\librdi_runs.dll
0x00007fff28370000 - 0x00007fff294ab000 	C:\Xilinx\Vivado\2022.1\lib\win64.o\librdi_timing.dll
0x00007fff6c4e0000 - 0x00007fff6c537000 	C:\Xilinx\Vivado\2022.1\lib\win64.o\librdi_schedmon.dll
0x00007fff54dd0000 - 0x00007fff5504b000 	C:\Xilinx\Vivado\2022.1\lib\win64.o\librdi_simdata.dll

dbghelp: loaded successfully - version: 4.0.5 - missing functions: none
symbol engine: initialized successfully - sym options: 0x614 - pdb path: .;C:\Xilinx\Vivado\2022.1\bin\unwrapped\win64.o;C:\WINDOWS\SYSTEM32;C:\Xilinx\Vivado\2022.1\lib\win64.o;C:\WINDOWS\WinSxS\amd64_microsoft.windows.common-controls_6595b64144ccf1df_5.82.19041.4355_none_792ecafd2442822f;C:\Xilinx\Vivado\2022.1\tps\win64\jre11.0.11_9\bin\server;C:\Xilinx\Vivado\2022.1\tps\win64\python-3.8.3;C:\Xilinx\Vivado\2022.1\tps\win64\jre11.0.11_9\bin;C:\WINDOWS\WinSxS\amd64_microsoft.windows.common-controls_6595b64144ccf1df_6.0.19041.4355_none_60b8b9eb71f62e16;C:\WINDOWS\WinSxS\amd64_microsoft.windows.gdiplus_6595b64144ccf1df_1.1.19041.4597_none_91a78020cc854124

VM Arguments:
jvm_args: -Dsun.java2d.pmoffscreen=false -Dhttps.protocols=TLSv1,TLSv1.1,TLSv1.2 -Dsun.java2d.xrender=false -Dsun.java2d.d3d=false -Dsun.awt.nopixfmt=true -Dsun.java2d.dpiaware=true -Dsun.java2d.uiScale.enabled=false -Xverify:none -Dswing.aatext=true -XX:-UsePerfData -Djdk.map.althashing.threshold=512 -XX:StringTableSize=4072 --add-opens=java.desktop/com.sun.awt=ALL-UNNAMED --add-opens=java.desktop/javax.swing.plaf.synth=ALL-UNNAMED --add-opens=java.base/java.nio=ALL-UNNAMED --add-opens=java.desktop/sun.swing=ALL-UNNAMED --add-opens=java.desktop/javax.swing=ALL-UNNAMED --add-opens=java.desktop/javax.swing.tree=ALL-UNNAMED --add-opens=java.desktop/javax.swing.plaf.basic=ALL-UNNAMED --add-opens=java.desktop/javax.swing.plaf.synth=ALL-UNNAMED --add-opens=java.desktop/javax.swing.plaf.basic=ALL-UNNAMED --add-opens=java.desktop/javax.swing=ALL-UNNAMED --add-opens=java.desktop/javax.swing.tree=ALL-UNNAMED --add-opens=java.desktop/java.awt.event=ALL-UNNAMED --add-exports=java.desktop/javax.swing.plaf.synth=ALL-UNNAMED --add-exports=java.base/java.nio=ALL-UNNAMED --add-exports=java.desktop/sun.swing=ALL-UNNAMED --add-exports=java.desktop/javax.swing=ALL-UNNAMED --add-exports=java.desktop/javax.swing.tree=ALL-UNNAMED --add-exports=java.desktop/javax.swing.plaf.basic=ALL-UNNAMED --add-exports=java.desktop/sun.swing=ALL-UNNAMED --add-exports=java.desktop/sun.swing.table=ALL-UNNAMED --add-exports=java.desktop/sun.swing.plaf.synth=ALL-UNNAMED --add-exports=java.desktop/sun.awt.shell=ALL-UNNAMED --add-exports=java.base/sun.security.action=ALL-UNNAMED --add-exports=java.desktop/sun.font=ALL-UNNAMED -XX:NewSize=60m -XX:MaxNewSize=60m -Xms256m -Xmx3072m -Xss5m 
java_command: <unknown>
java_class_path (initial): C:/Xilinx/Vivado/2022.1\lib\classes\alloy.jar;C:/Xilinx/Vivado/2022.1\lib\classes\autoesl-models.jar;C:/Xilinx/Vivado/2022.1\lib\classes\batik-anim.jar;C:/Xilinx/Vivado/2022.1\lib\classes\batik-awt-util.jar;C:/Xilinx/Vivado/2022.1\lib\classes\batik-bridge.jar;C:/Xilinx/Vivado/2022.1\lib\classes\batik-codec.jar;C:/Xilinx/Vivado/2022.1\lib\classes\batik-css.jar;C:/Xilinx/Vivado/2022.1\lib\classes\batik-dom.jar;C:/Xilinx/Vivado/2022.1\lib\classes\batik-ext.jar;C:/Xilinx/Vivado/2022.1\lib\classes\batik-gui-util.jar;C:/Xilinx/Vivado/2022.1\lib\classes\batik-gvt.jar;C:/Xilinx/Vivado/2022.1\lib\classes\batik-parser.jar;C:/Xilinx/Vivado/2022.1\lib\classes\batik-script.jar;C:/Xilinx/Vivado/2022.1\lib\classes\batik-svg-dom.jar;C:/Xilinx/Vivado/2022.1\lib\classes\batik-svggen.jar;C:/Xilinx/Vivado/2022.1\lib\classes\batik-swing.jar;C:/Xilinx/Vivado/2022.1\lib\classes\batik-transcoder.jar;C:/Xilinx/Vivado/2022.1\lib\classes\batik-util.jar;C:/Xilinx/Vivado/2022.1\lib\classes\batik-xml.jar;C:/Xilinx/Vivado/2022.1\lib\classes\com.fasterxml.jackson.core.jackson-annotations_2.12.1.v20210128-1726.jar;C:/Xilinx/Vivado/2022.1\lib\classes\com.fasterxml.jackson.core.jackson-core_2.12.1.v20210128-1726.jar;C:/Xilinx/Vivado/2022.1\lib\classes\com.fasterxml.jackson.core.jackson-databind_2.12.1.v20210128-1726.jar;C:/Xilinx/Vivado/2022.1\lib\classes\com.google.gson_2.8.7.v20210624-1215.jar;C:/Xilinx/Vivado/2022.1\lib\classes\com.google.guava_30.1.0.v20210127-2300.jar;C:/Xilinx/Vivado/2022.1\lib\classes\com.sigasi.hdt.connection_4.15.0.202201101137.jar;C:/Xilinx/Vivado/2022.1\lib\classes\com.sigasi.hdt.epl_4.15.0.202201101137.jar;C:/Xilinx/Vivado/2022.1\lib\classes\com.sigasi.hdt.project_4.15.0.202201101137.jar;C:/Xilinx/Vivado/2022.1\lib\classes\com.sigasi.hdt.readonlyfilesystem_4.15.0.202201101137.jar;C:/Xilinx/Vivado/2022.1\lib\classes\com.sigasi.hdt.shared_4.15.0.202201101137.jar;C:/Xilinx/Vivado/2022.1\lib\classes\com.sigasi.lcm_4.15.0.202201101137.jar;C:/Xilinx
Launcher Type: generic

[Global flags]
     bool BytecodeVerificationLocal                = false                                     {product} {command line}
     bool BytecodeVerificationRemote               = false                                     {product} {command line}
     intx CICompilerCount                          = 12                                        {product} {ergonomic}
     uint ConcGCThreads                            = 3                                         {product} {ergonomic}
     uint G1ConcRefinementThreads                  = 13                                        {product} {ergonomic}
   size_t G1HeapRegionSize                         = 1048576                                   {product} {ergonomic}
    uintx GCDrainStackTargetSize                   = 64                                        {product} {ergonomic}
   size_t InitialHeapSize                          = 268435456                                 {product} {command line}
   size_t MarkStackSize                            = 4194304                                   {product} {ergonomic}
   size_t MaxHeapSize                              = 3221225472                                {product} {command line}
   size_t MaxNewSize                               = 62914560                                  {product} {command line}
   size_t MinHeapDeltaBytes                        = 1048576                                   {product} {ergonomic}
   size_t NewSize                                  = 62914560                                  {product} {command line}
    uintx NonNMethodCodeHeapSize                   = 7594288                                {pd product} {ergonomic}
    uintx NonProfiledCodeHeapSize                  = 122031976                              {pd product} {ergonomic}
    uintx ProfiledCodeHeapSize                     = 122031976                              {pd product} {ergonomic}
    uintx ReservedCodeCacheSize                    = 251658240                              {pd product} {ergonomic}
     bool SegmentedCodeCache                       = true                                      {product} {ergonomic}
    uintx StringTableSize                          = 4072                                      {product} {command line}
     intx ThreadStackSize                          = 5120                                   {pd product} {command line}
     bool UseCompressedClassPointers               = true                                 {lp64_product} {ergonomic}
     bool UseCompressedOops                        = true                                 {lp64_product} {ergonomic}
     bool UseG1GC                                  = true                                      {product} {ergonomic}
     bool UseLargePagesIndividualAllocation        = false                                  {pd product} {ergonomic}
     bool UsePerfData                              = false                                     {product} {command line}

Logging:
Log output configuration:
 #0: stdout all=warning uptime,level,tags
 #1: stderr all=off uptime,level,tags

Environment Variables:
PATH=C:/Xilinx/Vivado/2022.1/bin;C:/Xilinx/Vivado/2022.1/tps/win64/java-cef-78.3.9.242/bin/lib/win64;C:/Xilinx/Vivado/2022.1/tps/win64/javafx-sdk-11.0.2/lib;C:/Xilinx/Vivado/2022.1/tps/win64/javafx-sdk-11.0.2/bin;C:/Xilinx/Vivado/2022.1/lib/win64.o;C:/Xilinx/Vivado/2022.1/tps/win64/jre11.0.11_9/bin/server;C:/Xilinx/Vivado/2022.1/tps/win64/jre11.0.11_9/bin;C:/Xilinx/Vivado/2022.1/ids_lite/ISE/bin/nt64;C:/Xilinx/Vivado/2022.1/ids_lite/ISE/lib/nt64;C:/Xilinx/Vitis_HLS/2022.1/bin;C:\WINDOWS\system32;C:\WINDOWS;C:\WINDOWS\System32\Wbem;C:\WINDOWS\System32\WindowsPowerShell\v1.0\;C:\WINDOWS\System32\OpenSSH\;C:\Users\emanessam26\AppData\Local\Microsoft\WindowsApps;C:\ProgramData\emanessam26\GitHubDesktop\bin;C:\Users\emanessam26\AppData\Local\GitHubDesktop\bin;C:/Xilinx/Vivado/2022.1\tps\mingw\6.2.0\win64.o\nt\bin;C:/Xilinx/Vivado/2022.1\tps\mingw\6.2.0\win64.o\nt\libexec\gcc\x86_64-w64-mingw32\6.2.0;C:/Xilinx/Vivado/2022.1\tps\win64\python-3.8.3;C:/Xilinx/Vivado/2022.1\tps\win64\python-3.8.3\bin;C:/Xilinx/Vivado/2022.1\tps\win64\python-3.8.3\lib;C:/Xilinx/Vivado/2022.1\tps\win64\python-3.8.3\lib\site-packages
USERNAME=emanessam26
OS=Windows_NT
PROCESSOR_IDENTIFIER=Intel64 Family 6 Model 85 Stepping 4, GenuineIntel



---------------  S Y S T E M  ---------------

OS: Windows 10 , 64 bit Build 19041 (10.0.19041.4957)
OS uptime: 1 days 5:59 hours

CPU:total 16 (initial active 16) (8 cores per cpu, 2 threads per core) family 6 model 85 stepping 4 microcode 0x200005e, cmov, cx8, fxsr, mmx, sse, sse2, sse3, ssse3, sse4.1, sse4.2, popcnt, avx, avx2, aes, clmul, erms, rtm, 3dnowpref, lzcnt, ht, tsc, tscinvbit, bmi1, bmi2, adx, fma

Memory: 4k page, system-wide physical 32444M (19229M free)
TotalPageFile size 37308M (AvailPageFile size 22328M)
current process WorkingSet (physical memory assigned to process): 4335M, peak: 4393M
current process commit charge ("private bytes"): 4421M, peak: 4556M

vm_info: OpenJDK 64-Bit Server VM (11.0.11+9) for windows-amd64 JRE (11.0.11+9), built on Apr  9 2021 19:32:08 by "" with MS VC++ 15.5 (VS2017)

END.
